This is LuaHBTeX, Version 1.13.2 (TeX Live 2021/W32TeX)  (format=lualatex 2021.9.22)  20 OCT 2021 19:15
 restricted system commands enabled.
 file:line:error style messages enabled.
**c:/Users/Claudio/OneDrive/Documentos/Claudio(MSc)/thesis.tex
(c:/Users/Claudio/OneDrive/Documentos/Claudio(MSc)/thesis.tex
LaTeX2e <2021-06-01> patch level 1
Lua module: luaotfload 2021-05-21 3.18 Lua based OpenType font support
Lua module: lualibs 2021-05-20 2.74 ConTeXt Lua standard libraries.
Lua module: lualibs-extended 2021-05-20 2.74 ConTeXt Lua libraries -- extended collection.
luaotfload | conf : Root cache directory is "C:/texlive/2021/texmf-var/luatex-cache/generic/names".
luaotfload | init : Loading fontloader "fontloader-2021-05-20.lua" from kpse-resolved path "c:/texlive/2021/texmf-dist/tex/luatex/luaotfload/fontloader-2021-05-20.lua".
Lua-only attribute luaotfload@noligature = 1
Lua-only attribute luaotfload@syllabe = 2
luaotfload | init : Context OpenType loader version 3.116
Inserting `luaotfload.node_processor' at position 1 in `pre_linebreak_filter'.
Inserting `luaotfload.node_processor' at position 1 in `hpack_filter'.
Inserting `luaotfload.glyph_stream' at position 1 in `glyph_stream_provider'.
Inserting `luaotfload.define_font' at position 1 in `define_font'.
Lua-only attribute luaotfload_color_attribute = 3
luaotfload | conf : Root cache directory is "C:/texlive/2021/texmf-var/luatex-cache/generic/names".
Inserting `luaotfload.harf.strip_prefix' at position 1 in `find_opentype_file'.
Inserting `luaotfload.harf.strip_prefix' at position 1 in `find_truetype_file'.
Inserting `luaotfload.harf.finalize_vlist' at position 1 in `post_linebreak_filter'.
Inserting `luaotfload.harf.finalize_hlist' at position 2 in `hpack_filter'.
Inserting `luaotfload.cleanup_files' at position 1 in `wrapup_run'.
Inserting `luaotfload.harf.finalize_unicode' at position 1 in `finish_pdffile'.
Inserting `luaotfload.glyphinfo' at position 1 in `glyph_info'.
Lua-only attribute luaotfload.letterspace_done = 4
Inserting `luaotfload.aux.set_sscale_dimens' at position 1 in `luaotfload.patch_font'.
Inserting `luaotfload.aux.set_font_index' at position 2 in `luaotfload.patch_font'.
Inserting `luaotfload.aux.patch_cambria_domh' at position 3 in `luaotfload.patch_font'.
Inserting `luaotfload.aux.fixup_fontdata' at position 1 in `luaotfload.patch_font_unsafe'.
Inserting `luaotfload.aux.set_capheight' at position 4 in `luaotfload.patch_font'.
Inserting `luaotfload.aux.set_xheight' at position 5 in `luaotfload.patch_font'.
Inserting `luaotfload.rewrite_fontname' at position 6 in `luaotfload.patch_font'. L3 programming layer <2021-08-27>
Inserting `tracingstacklevels' at position 1 in `input_level_string'. (c:/texlive/2021/texmf-dist/tex/latex/amsmath/amsmath.sty
Package: amsmath 2021/04/20 v2.17j AMS math features
\@mathmargin=\skip47

For additional information on amsmath, use the `?' option.
(c:/texlive/2021/texmf-dist/tex/latex/amsmath/amstext.sty
Package: amstext 2000/06/29 v2.01 AMS text
 (c:/texlive/2021/texmf-dist/tex/latex/amsmath/amsgen.sty
File: amsgen.sty 1999/11/30 v2.0 generic functions
\@emptytoks=\toks16
\ex@=\dimen138
)) (c:/texlive/2021/texmf-dist/tex/latex/amsmath/amsbsy.sty
Package: amsbsy 1999/11/29 v1.2d Bold Symbols
\pmbraise@=\dimen139
) (c:/texlive/2021/texmf-dist/tex/latex/amsmath/amsopn.sty
Package: amsopn 2016/03/08 v2.02 operator names
)
\inf@bad=\count179
LaTeX Info: Redefining \frac on input line 236.
\uproot@=\count180
\leftroot@=\count181
LaTeX Info: Redefining \overline on input line 399.
\classnum@=\count182
\DOTSCASE@=\count183
LaTeX Info: Redefining \ldots on input line 496.
LaTeX Info: Redefining \dots on input line 499.
LaTeX Info: Redefining \cdots on input line 620.
\Mathstrutbox@=\box50
\strutbox@=\box51
\big@size=\dimen140
LaTeX Font Info:    Redeclaring font encoding OML on input line 743.
LaTeX Font Info:    Redeclaring font encoding OMS on input line 744.
\macc@depth=\count184
\c@MaxMatrixCols=\count185
\dotsspace@=\muskip16
\c@parentequation=\count186
\dspbrk@lvl=\count187
\tag@help=\toks17
\row@=\count188
\column@=\count189
\maxfields@=\count190
\andhelp@=\toks18
\eqnshift@=\dimen141
\alignsep@=\dimen142
\tagshift@=\dimen143
\tagwidth@=\dimen144
\totwidth@=\dimen145
\lineht@=\dimen146
\@envbody=\toks19
\multlinegap=\skip48
\multlinetaggap=\skip49
\mathdisplay@stack=\toks20
LaTeX Info: Redefining \[ on input line 2923.
LaTeX Info: Redefining \] on input line 2924.
) (./llncs.cls
Document Class: llncs 2018/03/10 v2.20 
 LaTeX document class for Lecture Notes in Computer Science
(c:/texlive/2021/texmf-dist/tex/latex/base/article.cls
Document Class: article 2021/02/12 v1.4n Standard LaTeX document class
(c:/texlive/2021/texmf-dist/tex/latex/base/size10.clo
File: size10.clo 2021/02/12 v1.4n Standard LaTeX file (size option)
luaotfload | db : Font names database loaded from C:/texlive/2021/texmf-var/luatex-cache/generic/names/luaotfload-names.luc)
\c@part=\count191
\c@section=\count192
\c@subsection=\count193
\c@subsubsection=\count194
\c@paragraph=\count195
\c@subparagraph=\count196
\c@figure=\count197
\c@table=\count198
\abovecaptionskip=\skip50
\belowcaptionskip=\skip51
\bibindent=\dimen147
) (c:/texlive/2021/texmf-dist/tex/latex/tools/multicol.sty
Package: multicol 2019/12/09 v1.8y multicolumn formatting (FMi)
\c@tracingmulticols=\count199
\mult@box=\box52
\multicol@leftmargin=\dimen148
\c@unbalance=\count266
\c@collectmore=\count267
\doublecol@number=\count268
\multicoltolerance=\count269
\multicolpretolerance=\count270
\full@width=\dimen149
\page@free=\dimen150
\premulticols=\dimen151
\postmulticols=\dimen152
\multicolsep=\skip52
\multicolbaselineskip=\skip53
\partial@page=\box53
\last@line=\box54
\maxbalancingoverflow=\dimen153
\mult@rightbox=\box55
\mult@grightbox=\box56
\mult@gfirstbox=\box57
\mult@firstbox=\box58
\@tempa=\box59
\@tempa=\box60
\@tempa=\box61
\@tempa=\box62
\@tempa=\box63
\@tempa=\box64
\@tempa=\box65
\@tempa=\box66
\@tempa=\box67
\@tempa=\box68
\@tempa=\box69
\@tempa=\box70
\@tempa=\box71
\@tempa=\box72
\@tempa=\box73
\@tempa=\box74
\@tempa=\box75
\@tempa=\box76
\@tempa=\box77
\@tempa=\box78
\@tempa=\box79
\@tempa=\box80
\@tempa=\box81
\@tempa=\box82
\@tempa=\box83
\@tempa=\box84
\@tempa=\box85
\@tempa=\box86
\@tempa=\box87
\@tempa=\box88
\@tempa=\box89
\@tempa=\box90
\@tempa=\box91
\@tempa=\box92
\@tempa=\box93
\@tempa=\box94
\@tempa=\box95
\c@minrows=\count271
\c@columnbadness=\count272
\c@finalcolumnbadness=\count273
\last@try=\dimen154
\multicolovershoot=\dimen155
\multicolundershoot=\dimen156
\mult@nat@firstbox=\box96
\colbreak@box=\box97
\mc@col@check@num=\count274
) (c:/texlive/2021/texmf-dist/tex/latex/oberdiek/aliascnt.sty
Package: aliascnt 2018/09/07 v1.5 Alias counters (HO)
)
\c@chapter=\count275
LaTeX Font Info:    Redeclaring math symbol \Gamma on input line 364.
LaTeX Font Info:    Redeclaring math symbol \Delta on input line 365.
LaTeX Font Info:    Redeclaring math symbol \Theta on input line 366.
LaTeX Font Info:    Redeclaring math symbol \Lambda on input line 367.
LaTeX Font Info:    Redeclaring math symbol \Xi on input line 368.
LaTeX Font Info:    Redeclaring math symbol \Pi on input line 369.
LaTeX Font Info:    Redeclaring math symbol \Sigma on input line 370.
LaTeX Font Info:    Redeclaring math symbol \Upsilon on input line 371.
LaTeX Font Info:    Redeclaring math symbol \Phi on input line 372.
LaTeX Font Info:    Redeclaring math symbol \Psi on input line 373.
LaTeX Font Info:    Redeclaring math symbol \Omega on input line 374.
\tocchpnum=\dimen157
\tocsecnum=\dimen158
\tocsectotal=\dimen159
\tocsubsecnum=\dimen160
\tocsubsectotal=\dimen161
\tocsubsubsecnum=\dimen162
\tocsubsubsectotal=\dimen163
\tocparanum=\dimen164
\tocparatotal=\dimen165
\tocsubparanum=\dimen166
\@tempcntc=\count276
\fnindent=\dimen167
\c@@inst=\count277
\c@@auth=\count278
\c@auco=\count279
\instindent=\dimen168
\authrun=\box98
\authorrunning=\toks21
\tocauthor=\toks22
\titrun=\box99
\titlerunning=\toks23
\toctitle=\toks24
\c@theorem=\count280
\c@case=\count281
\c@conjecture=\count282
\c@corollary=\count283
\c@definition=\count284
\c@example=\count285
\c@exercise=\count286
\c@lemma=\count287
\c@note=\count288
\c@problem=\count289
\c@property=\count290
\c@proposition=\count291
\c@question=\count292
\c@solution=\count293
\c@remark=\count294
\headlineindent=\dimen169
) (./settings.tex (c:/texlive/2021/texmf-dist/tex/latex/ragged2e/ragged2e.sty
Package: ragged2e 2021/02/05 v3.0 ragged2e Package


LaTeX Warning: Command \@arrayparboxrestore  has changed.
               Check if current package is valid.

(c:/texlive/2021/texmf-dist/tex/latex/footmisc/footmisc.sty
Package: footmisc 2011/06/06 v5.5b a miscellany of footnote facilities
\FN@temptoken=\toks25
\footnotemargin=\dimen170
\c@pp@next@reset=\count295
Package footmisc Info: Declaring symbol style bringhurst on input line 855.
Package footmisc Info: Declaring symbol style chicago on input line 863.
Package footmisc Info: Declaring symbol style wiley on input line 872.
Package footmisc Info: Declaring symbol style lamport-robust on input line 883.
Package footmisc Info: Declaring symbol style lamport* on input line 903.
Package footmisc Info: Declaring symbol style lamport*-robust on input line 924.
)
\CenteringLeftskip=\skip54
\RaggedLeftLeftskip=\skip55
\RaggedRightLeftskip=\skip56
\CenteringRightskip=\skip57
\RaggedLeftRightskip=\skip58
\RaggedRightRightskip=\skip59
\CenteringParfillskip=\skip60
\RaggedLeftParfillskip=\skip61
\RaggedRightParfillskip=\skip62
\JustifyingParfillskip=\skip63
\CenteringParindent=\skip64
\RaggedLeftParindent=\skip65
\RaggedRightParindent=\skip66
\JustifyingParindent=\skip67
) (c:/texlive/2021/texmf-dist/tex/latex/tocbibind/tocbibind.sty
Package: tocbibind 2010/10/13 v1.5k extra ToC listings
Package tocbibind Info: The document has chapter divisions on input line 50.


Package tocbibind Note: Using chapter style headings, unless overridden.

) (c:/texlive/2021/texmf-dist/tex/latex/base/inputenc.sty
Package: inputenc 2021/02/14 v1.3d Input encoding file
\inpenc@prehook=\toks26
\inpenc@posthook=\toks27


Package inputenc Warning: inputenc package ignored with utf8 based engines.

) (c:/texlive/2021/texmf-dist/tex/latex/base/fontenc.sty
Package: fontenc 2021/04/29 v2.0v Standard LaTeX package
LaTeX Font Info:    Trying to load font information for T1+lmr on input line 112.
 (c:/texlive/2021/texmf-dist/tex/latex/lm/t1lmr.fd
File: t1lmr.fd 2015/05/01 v1.6.1 Font defs for Latin Modern
)) (c:/texlive/2021/texmf-dist/tex/generic/babel/babel.sty
Package: babel 2021/07/22 3.63 The Babel package
 (c:/texlive/2021/texmf-dist/tex/generic/babel/babel.def
File: babel.def 2021/07/22 3.63 Babel common definitions
 (c:/texlive/2021/texmf-dist/tex/generic/babel/luababel.def
\bbl@readstream=\read2
\l@dumylang=\language2
Package babel Info: Non-standard hyphenation setup on input line 118.
\l@nohyphenation=\language3
\l@german-x-2021-02-26=\language4
\l@ngerman-x-2021-02-26=\language5
\l@afrikaans=\language6
\l@ancientgreek=\language7
\l@ibycus=\language8
\l@arabic=\language9
\l@armenian=\language10
\l@basque=\language11
\l@belarusian=\language12
\l@bulgarian=\language13
\l@catalan=\language14
\l@pinyin=\language15
\l@churchslavonic=\language16
\l@coptic=\language17
\l@croatian=\language18
\l@czech=\language19
\l@danish=\language20
\l@dutch=\language21
\l@ukenglish=\language22
\l@usenglishmax=\language23
\l@esperanto=\language24
\l@estonian=\language25
\l@ethiopic=\language26
\l@farsi=\language27
\l@finnish=\language28
\l@schoolfinnish=\language29
\l@french=\language30
\l@friulan=\language31
\l@galician=\language32
\l@georgian=\language33
\l@german=\language34
\l@ngerman=\language35
\l@swissgerman=\language36
\l@greek=\language37
\l@monogreek=\language38
\l@hungarian=\language39
\l@icelandic=\language40
\l@assamese=\language41
\l@bengali=\language42
\l@gujarati=\language43
\l@hindi=\language44
\l@kannada=\language45
\l@malayalam=\language46
\l@marathi=\language47
\l@oriya=\language48
\l@pali=\language49
\l@panjabi=\language50
\l@tamil=\language51
\l@telugu=\language52
\l@indonesian=\language53
\l@interlingua=\language54
\l@irish=\language55
\l@italian=\language56
\l@kurmanji=\language57
\l@classiclatin=\language58
\l@latin=\language59
\l@liturgicallatin=\language60
\l@latvian=\language61
\l@lithuanian=\language62
\l@macedonian=\language63
\l@mongolian=\language64
\l@mongolianlmc=\language65
\l@bokmal=\language66
\l@nynorsk=\language67
\l@occitan=\language68
\l@piedmontese=\language69
\l@polish=\language70
\l@portuguese=\language71
\l@romanian=\language72
\l@romansh=\language73
\l@russian=\language74
\l@sanskrit=\language75
\l@serbian=\language76
\l@serbianc=\language77
\l@slovak=\language78
\l@slovenian=\language79
\l@spanish=\language80
\l@swedish=\language81
\l@thai=\language82
\l@turkish=\language83
\l@turkmen=\language84
\l@ukrainian=\language85
\l@uppersorbian=\language86
\l@welsh=\language87
\babelcatcodetablenum=\catcodetable12
\bbl@pattcodes=\catcodetable13
)
\babel@savecnt=\count296
\U@D=\dimen171
\l@unhyphenated=\language88
 (c:/texlive/2021/texmf-dist/tex/generic/babel/luababel.def
\bbl@attr@locale=\attribute5
)) (c:/texlive/2021/texmf-dist/tex/generic/babel-portuges/portuguese.ldf
Language: portuges 2021/07/09 v1.2t Portuguese support from the babel system
Package babel Info: Making " an active character on input line 143.
 (c:/texlive/2021/texmf-dist/tex/generic/hyph-utf8/loadhyph/loadhyph-pt.tex UTF-8 Portuguese hyphenation patterns (c:/texlive/2021/texmf-dist/tex/generic/hyph-utf8/patterns/tex/hyph-pt.tex))) (c:/texlive/2021/texmf-dist/tex/generic/babel-english/english.ldf
Language: english 2017/06/06 v3.3r English support from the babel system
Package babel Info: Hyphen rules for 'canadian' set to \l@english
(babel)             (\language0). Reported on input line 102.
Package babel Info: Hyphen rules for 'australian' set to \l@ukenglish
(babel)             (\language22). Reported on input line 105.
Package babel Info: Hyphen rules for 'newzealand' set to \l@ukenglish
(babel)             (\language22). Reported on input line 108.
)) (c:/texlive/2021/texmf-dist/tex/latex/enumitem/enumitem.sty
Package: enumitem 2019/06/20 v3.9 Customized lists
\enitkv@toks@=\toks28
\labelindent=\skip68
\enit@outerparindent=\dimen172
\enit@toks=\toks29
\enit@inbox=\box100
\enit@count@id=\count297
\enitdp@description=\count298
) (c:/texlive/2021/texmf-dist/tex/latex/hyperref/hyperref.sty
Package: hyperref 2021-06-07 v7.00m Hypertext links for LaTeX
 (c:/texlive/2021/texmf-dist/tex/generic/ltxcmds/ltxcmds.sty
Package: ltxcmds 2020-05-10 v1.25 LaTeX kernel commands for general use (HO)
) (c:/texlive/2021/texmf-dist/tex/generic/iftex/iftex.sty
Package: iftex 2020/03/06 v1.0d TeX engine tests
) (c:/texlive/2021/texmf-dist/tex/generic/pdftexcmds/pdftexcmds.sty
Package: pdftexcmds 2020-06-27 v0.33 Utility functions of pdfTeX for LuaTeX (HO)
 (c:/texlive/2021/texmf-dist/tex/generic/infwarerr/infwarerr.sty
Package: infwarerr 2019/12/03 v1.5 Providing info/warning/error messages (HO)
)
Package pdftexcmds Info: \pdf@primitive is available.
Package pdftexcmds Info: \pdf@ifprimitive is available.
Package pdftexcmds Info: \pdfdraftmode found.
\pdftexcmds@toks=\toks30
) (c:/texlive/2021/texmf-dist/tex/latex/graphics/keyval.sty
Package: keyval 2014/10/28 v1.15 key=value parser (DPC)
\KV@toks@=\toks31
) (c:/texlive/2021/texmf-dist/tex/generic/kvsetkeys/kvsetkeys.sty
Package: kvsetkeys 2019/12/15 v1.18 Key value parser (HO)
) (c:/texlive/2021/texmf-dist/tex/generic/kvdefinekeys/kvdefinekeys.sty
Package: kvdefinekeys 2019-12-19 v1.6 Define keys (HO)
) (c:/texlive/2021/texmf-dist/tex/generic/pdfescape/pdfescape.sty
Package: pdfescape 2019/12/09 v1.15 Implements pdfTeX's escape features (HO)
) (c:/texlive/2021/texmf-dist/tex/latex/hycolor/hycolor.sty
Package: hycolor 2020-01-27 v1.10 Color options for hyperref/bookmark (HO)
) (c:/texlive/2021/texmf-dist/tex/latex/letltxmacro/letltxmacro.sty
Package: letltxmacro 2019/12/03 v1.6 Let assignment for LaTeX macros (HO)
) (c:/texlive/2021/texmf-dist/tex/latex/auxhook/auxhook.sty
Package: auxhook 2019-12-17 v1.6 Hooks for auxiliary files (HO)
) (c:/texlive/2021/texmf-dist/tex/latex/kvoptions/kvoptions.sty
Package: kvoptions 2020-10-07 v3.14 Key value format for package options (HO)
)
\@linkdim=\dimen173
\Hy@linkcounter=\count299
\Hy@pagecounter=\count300
 (c:/texlive/2021/texmf-dist/tex/latex/hyperref/pd1enc.def
File: pd1enc.def 2021-06-07 v7.00m Hyperref: PDFDocEncoding definition (HO)
) (c:/texlive/2021/texmf-dist/tex/latex/hyperref/hyperref-langpatches.def
File: hyperref-langpatches.def 2021-06-07 v7.00m Hyperref: patches for babel languages
) (c:/texlive/2021/texmf-dist/tex/generic/intcalc/intcalc.sty
Package: intcalc 2019/12/15 v1.3 Expandable calculations with integers (HO)
) (c:/texlive/2021/texmf-dist/tex/generic/etexcmds/etexcmds.sty
Package: etexcmds 2019/12/15 v1.7 Avoid name clashes with e-TeX commands (HO)
)
\Hy@SavedSpaceFactor=\count301
 (c:/texlive/2021/texmf-dist/tex/latex/hyperref/puenc.def
File: puenc.def 2021-06-07 v7.00m Hyperref: PDF Unicode definition (HO)
)
Package hyperref Info: Hyper figures OFF on input line 4192.
Package hyperref Info: Link nesting OFF on input line 4197.
Package hyperref Info: Hyper index ON on input line 4200.
Package hyperref Info: Plain pages OFF on input line 4207.
Package hyperref Info: Backreferencing OFF on input line 4212.
Package hyperref Info: Implicit mode ON; LaTeX internals redefined.
Package hyperref Info: Bookmarks ON on input line 4445.
\c@Hy@tempcnt=\count302
 (c:/texlive/2021/texmf-dist/tex/latex/url/url.sty
\Urlmuskip=\muskip17
Package: url 2013/09/16  ver 3.4  Verb mode for urls, etc.
)
LaTeX Info: Redefining \url on input line 4804.
\XeTeXLinkMargin=\dimen174
 (c:/texlive/2021/texmf-dist/tex/generic/bitset/bitset.sty
Package: bitset 2019/12/09 v1.3 Handle bit-vector datatype (HO)
 (c:/texlive/2021/texmf-dist/tex/generic/bigintcalc/bigintcalc.sty
Package: bigintcalc 2019/12/15 v1.5 Expandable calculations on big integers (HO)
))
\Fld@menulength=\count303
\Field@Width=\dimen175
\Fld@charsize=\dimen176
Package hyperref Info: Hyper figures OFF on input line 6076.
Package hyperref Info: Link nesting OFF on input line 6081.
Package hyperref Info: Hyper index ON on input line 6084.
Package hyperref Info: backreferencing OFF on input line 6091.
Package hyperref Info: Link coloring OFF on input line 6096.
Package hyperref Info: Link coloring with OCG OFF on input line 6101.
Package hyperref Info: PDF/A mode OFF on input line 6106.
LaTeX Info: Redefining \ref on input line 6146.
LaTeX Info: Redefining \pageref on input line 6150.
 (c:/texlive/2021/texmf-dist/tex/latex/base/atbegshi-ltx.sty
Package: atbegshi-ltx 2021/01/10 v1.0c Emulation of the original atbegshi
package with kernel methods
)
\Hy@abspage=\count304
\c@Item=\count305
\c@Hfootnote=\count306
)
Package hyperref Info: Driver (autodetected): hluatex.
 (c:/texlive/2021/texmf-dist/tex/latex/hyperref/hluatex.def
File: hluatex.def 2021-06-07 v7.00m Hyperref driver for luaTeX
 (c:/texlive/2021/texmf-dist/tex/generic/stringenc/stringenc.sty
Package: stringenc 2019/11/29 v1.12 Convert strings between diff. encodings (HO)
) (c:/texlive/2021/texmf-dist/tex/latex/base/atveryend-ltx.sty
Package: atveryend-ltx 2020/08/19 v1.0a Emulation of the original atvery package
with kernel methods
)
\Fld@listcount=\count307
\c@bookmark@seq@number=\count308
 (c:/texlive/2021/texmf-dist/tex/latex/rerunfilecheck/rerunfilecheck.sty
Package: rerunfilecheck 2019/12/05 v1.9 Rerun checks for auxiliary files (HO)
 (c:/texlive/2021/texmf-dist/tex/generic/uniquecounter/uniquecounter.sty
Package: uniquecounter 2019/12/15 v1.4 Provide unlimited unique counter (HO)
)
Package uniquecounter Info: New unique counter `rerunfilecheck' on input line 286.
)
\Hy@SectionHShift=\skip69
) (c:/texlive/2021/texmf-dist/tex/latex/nomencl/nomencl.sty
Package: nomencl 2020/12/29 v5.5 Nomenclature package
 (c:/texlive/2021/texmf-dist/tex/latex/xkeyval/xkeyval.sty
Package: xkeyval 2020/11/20 v2.8 package option processing (HA)
 (c:/texlive/2021/texmf-dist/tex/generic/xkeyval/xkeyval.tex (c:/texlive/2021/texmf-dist/tex/generic/xkeyval/xkvutils.tex
\XKV@toks=\toks32
\XKV@tempa@toks=\toks33
)
\XKV@depth=\count309
File: xkeyval.tex 2014/12/03 v2.7a key=value parser (HA)
)) (c:/texlive/2021/texmf-dist/tex/latex/base/ifthen.sty
Package: ifthen 2020/11/24 v1.1c Standard LaTeX ifthen package (DPC)
) (c:/texlive/2021/texmf-dist/tex/latex/koma-script/tocbasic.sty
Package: tocbasic 2021/06/25 v3.34 KOMA-Script package (handling toc-files)
 (c:/texlive/2021/texmf-dist/tex/latex/koma-script/scrbase.sty
Package: scrbase 2021/06/25 v3.34 KOMA-Script package (KOMA-Script-independent basics and keyval usage)
 (c:/texlive/2021/texmf-dist/tex/latex/koma-script/scrlfile.sty
Package: scrlfile 2021/06/25 v3.34 KOMA-Script package (file load hooks)
 (c:/texlive/2021/texmf-dist/tex/latex/koma-script/scrlfile-hook.sty
Package: scrlfile-hook 2021/06/25 v3.34 KOMA-Script package (using LaTeX hooks)
 (c:/texlive/2021/texmf-dist/tex/latex/koma-script/scrlogo.sty
Package: scrlogo 2021/06/25 v3.34 KOMA-Script package (logo)
)))
Applying: [2021/05/01] Usage of raw or classic option list on input line 252.
Already applied: [0000/00/00] Usage of raw or classic option list on input line 368.
)
\scr@dte@tocline@numberwidth=\skip70
\scr@dte@tocline@numbox=\box101
)
Package tocbasic Info: setting babel extension for `nlo' on input line 187.
Package tocbasic Info: setting babel extension for `nls' on input line 188.
\nomlabelwidth=\dimen177
\nom@tempdim=\dimen178
\nomitemsep=\skip71
) (c:/texlive/2021/texmf-dist/tex/latex/float/float.sty
Package: float 2001/11/08 v1.3d Float enhancements (AL)
\c@float@type=\count310
\float@exts=\toks34
\float@box=\box102
\@float@everytoks=\toks35
\@floatcapt=\box103
) (c:/texlive/2021/texmf-dist/tex/latex/graphics/graphicx.sty
Package: graphicx 2020/12/05 v1.2c Enhanced LaTeX Graphics (DPC,SPQR)
 (c:/texlive/2021/texmf-dist/tex/latex/graphics/graphics.sty
Package: graphics 2021/03/04 v1.4d Standard LaTeX Graphics (DPC,SPQR)
 (c:/texlive/2021/texmf-dist/tex/latex/graphics/trig.sty
Package: trig 2016/01/03 v1.10 sin cos tan (DPC)
) (c:/texlive/2021/texmf-dist/tex/latex/graphics-cfg/graphics.cfg
File: graphics.cfg 2016/06/04 v1.11 sample graphics configuration
)
Package graphics Info: Driver file: luatex.def on input line 107.
 (c:/texlive/2021/texmf-dist/tex/latex/graphics-def/luatex.def
File: luatex.def 2021/06/01 v1.2c Graphics/color driver for luatex
))
\Gin@req@height=\dimen179
\Gin@req@width=\dimen180
) (c:/texlive/2021/texmf-dist/tex/latex/tools/array.sty
Package: array 2021/04/20 v2.5e Tabular extension package (FMi)
\col@sep=\dimen181
\ar@mcellbox=\box104
\extrarowheight=\dimen182
\NC@list=\toks36
\extratabsurround=\skip72
\backup@length=\skip73
\ar@cellbox=\box105
) (c:/texlive/2021/texmf-dist/tex/latex/tablefootnote/tablefootnote.sty
Package: tablefootnote 2014/01/26 v1.1c Table foot notes (HMM)
 (c:/texlive/2021/texmf-dist/tex/latex/xifthen/xifthen.sty
Package: xifthen 2015/11/05 v1.4.0 Extended ifthen features
 (c:/texlive/2021/texmf-dist/tex/latex/tools/calc.sty
Package: calc 2017/05/25 v4.3 Infix arithmetic (KKT,FJ)
\calc@Acount=\count311
\calc@Bcount=\count312
\calc@Adimen=\dimen183
\calc@Bdimen=\dimen184
\calc@Askip=\skip74
\calc@Bskip=\skip75
LaTeX Info: Redefining \setlength on input line 80.
LaTeX Info: Redefining \addtolength on input line 81.
\calc@Ccount=\count313
\calc@Cskip=\skip76
) (c:/texlive/2021/texmf-dist/tex/latex/ifmtarg/ifmtarg.sty
Package: ifmtarg 2018/04/16 v1.2b check for an empty argument
)) (c:/texlive/2021/texmf-dist/tex/latex/etoolbox/etoolbox.sty
Package: etoolbox 2020/10/05 v2.5k e-TeX tools for LaTeX (JAW)
\etb@tempcnta=\count314
)) (c:/texlive/2021/texmf-dist/tex/latex/setspace/setspace.sty
Package: setspace 2011/12/19 v6.7a set line spacing
) (c:/texlive/2021/texmf-dist/tex/latex/mhchem/mhchem.sty
Package: mhchem 2018/06/22 v4.08 for typesetting chemical formulae
 (c:/texlive/2021/texmf-dist/tex/latex/l3kernel/expl3.sty
Package: expl3 2021-08-27 L3 programming layer (loader) 
 (c:/texlive/2021/texmf-dist/tex/latex/l3backend/l3backend-luatex.def
File: l3backend-luatex.def 2021-08-04 L3 backend support: PDF output (LuaTeX)
\l__color_backend_stack_int=\count315
\l__pdf_internal_box=\box106
)) (c:/texlive/2021/texmf-dist/tex/latex/l3packages/l3keys2e/l3keys2e.sty
Package: l3keys2e 2021-08-27 LaTeX2e option processing using LaTeX3 keys
) (c:/texlive/2021/texmf-dist/tex/latex/chemgreek/chemgreek.sty (c:/texlive/2021/texmf-dist/tex/latex/l3packages/xparse/xparse.sty
Package: xparse 2021-08-27 L3 Experimental document command parser
)
Package: chemgreek 2020/01/16 v1.1a interface for upright Greek letters for use in chemistry (CN)
\l__chemgreek_tmpa_int=\count316
\g__chemgreek_tmpa_int=\count317
)
\l__mhchem_ce_distanceFromLastComma_int=\count318
\__mhchem_arrow_extPgfLength_skip=\skip77
\mhchem@minispace@tmp=\skip78
\mhchem@minibackspace@tmp=\skip79
\mhchem@bondwidth=\skip80
\mhchem@bondheight=\skip81
\mhchem@smallbondwidth@tmpA=\skip82
\mhchem@smallbondwidth@tmpB=\skip83
\mhchem@smallbondwidth=\skip84
\mhchem@bondtmp@minussidebearingleft=\skip85
\mhchem@bondtmp@minussidebearingright=\skip86
\l__mhchem_option_version_int=\count319
\mhchem@option@minusmathsidebearingleft=\dimen185
\mhchem@option@minusmathsidebearingright=\dimen186
\mhchem@option@minustextsidebearingleft=\dimen187
\mhchem@option@minustextsidebearingright=\dimen188
) (c:/texlive/2021/texmf-dist/tex/latex/threeparttable/threeparttable.sty
Package: threeparttable 2003/06/13  v 3.0
\@tempboxb=\box107
) (c:/texlive/2021/texmf-dist/tex/latex/multirow/multirow.sty
Package: multirow 2021/03/15 v2.8 Span multiple rows of a table
\multirow@colwidth=\skip87
\multirow@cntb=\count320
\multirow@dima=\skip88
\bigstrutjot=\dimen189
) (c:/texlive/2021/texmf-dist/tex/latex/import/import.sty
Package: import 2020/04/01  v 6.2
) (c:/texlive/2021/texmf-dist/tex/latex/eurosym/eurosym.sty
Package: eurosym 1998/08/06 v1.1 European currency symbol ``Euro''
\@eurobox=\box108
) (c:/texlive/2021/texmf-dist/tex/latex/parskip/parskip.sty
Package: parskip 2021-03-14 v2.0h non-zero parskip adjustments
) (c:/texlive/2021/texmf-dist/tex/latex/cite/cite.sty
LaTeX Info: Redefining \cite on input line 302.
LaTeX Info: Redefining \nocite on input line 332.
Package: cite 2015/02/27  v 5.5
) (c:/texlive/2021/texmf-dist/tex/latex/caption/subcaption.sty
Package: subcaption 2020/10/07 v1.3j Sub-captions (AR)
 (c:/texlive/2021/texmf-dist/tex/latex/caption/caption.sty
Package: caption 2020/10/26 v3.5g Customizing captions (AR)
 (c:/texlive/2021/texmf-dist/tex/latex/caption/caption3.sty
Package: caption3 2020/10/21 v2.2e caption3 kernel (AR)
\captionmargin=\dimen190
\captionmargin@=\dimen191
\captionwidth=\dimen192
\caption@tempdima=\dimen193
\caption@indent=\dimen194
\caption@parindent=\dimen195
\caption@hangindent=\dimen196
Package caption Info: Unknown document class (or package),
(caption)             standard defaults will be used.
Package caption Info: \@makecaption = \long macro:#1#2->\small \vskip \abovecaptionskip \sbox \@tempboxa {{\bfseries #1.} #2}\ifdim \wd \@tempboxa >\hsize {\bfseries #1.} #2\par \else \global \@minipagefalse \hb@xt@ \hsize {\hfil \box \@tempboxa \hfil }\fi \vskip \belowcaptionskip  on input line 1139.
)

Package caption Warning: Unknown document class (or package),
(caption)                standard defaults will be used.
See the caption package documentation for explanation.

\c@caption@flags=\count321
\c@continuedfloat=\count322
Package caption Info: float package is loaded.
Package caption Info: hyperref package is loaded.
Package caption Info: threeparttable package is loaded.
)
\c@subfigure=\count323
\c@subtable=\count324
) (c:/texlive/2021/texmf-dist/tex/latex/amsfonts/amssymb.sty
Package: amssymb 2013/01/14 v3.01 AMS font symbols
 (c:/texlive/2021/texmf-dist/tex/latex/amsfonts/amsfonts.sty
Package: amsfonts 2013/01/14 v3.01 Basic AMSFonts support
\symAMSa=\mathgroup4
\symAMSb=\mathgroup5
LaTeX Font Info:    Redeclaring math symbol \hbar on input line 98.
LaTeX Font Info:    Overwriting math alphabet `\mathfrak' in version `bold'
(Font)                  U/euf/m/n --> U/euf/b/n on input line 106.
)) (c:/texlive/2021/texmf-dist/tex/latex/algorithms/algorithmic.sty
Package: algorithmic 2009/08/24 v0.1 Document Style `algorithmic'
\c@ALC@unique=\count325
\c@ALC@line=\count326
\c@ALC@rem=\count327
\c@ALC@depth=\count328
\ALC@tlm=\skip89
\algorithmicindent=\skip90
) (c:/texlive/2021/texmf-dist/tex/latex/base/textcomp.sty
Package: textcomp 2020/02/02 v2.0n Standard LaTeX package
) (c:/texlive/2021/texmf-dist/tex/latex/xcolor/xcolor.sty
Package: xcolor 2016/05/11 v2.12 LaTeX color extensions (UK)
 (c:/texlive/2021/texmf-dist/tex/latex/graphics-cfg/color.cfg
File: color.cfg 2016/01/02 v1.6 sample color configuration
)
Package xcolor Info: Driver file: luatex.def on input line 225.
Package xcolor Info: Model `cmy' substituted by `cmy0' on input line 1348.
Package xcolor Info: Model `hsb' substituted by `rgb' on input line 1352.
Package xcolor Info: Model `RGB' extended on input line 1364.
Package xcolor Info: Model `HTML' substituted by `rgb' on input line 1366.
Package xcolor Info: Model `Hsb' substituted by `hsb' on input line 1367.
Package xcolor Info: Model `tHsb' substituted by `hsb' on input line 1368.
Package xcolor Info: Model `HSB' substituted by `hsb' on input line 1369.
Package xcolor Info: Model `Gray' substituted by `gray' on input line 1370.
Package xcolor Info: Model `wave' substituted by `hsb' on input line 1371.
) (c:/texlive/2021/texmf-dist/tex/latex/preprint/balance.sty
Package: balance 1999/02/23 4.3 (PWD)
\oldvsize=\dimen197
) (c:/texlive/2021/texmf-dist/tex/latex/booktabs/booktabs.sty
Package: booktabs 2020/01/12 v1.61803398 Publication quality tables
\heavyrulewidth=\dimen198
\lightrulewidth=\dimen199
\cmidrulewidth=\dimen256
\belowrulesep=\dimen257
\belowbottomsep=\dimen258
\aboverulesep=\dimen259
\abovetopsep=\dimen260
\cmidrulesep=\dimen261
\cmidrulekern=\dimen262
\defaultaddspace=\dimen263
\@cmidla=\count329
\@cmidlb=\count330
\@aboverulesep=\dimen264
\@belowrulesep=\dimen265
\@thisruleclass=\count331
\@lastruleclass=\count332
\@thisrulewidth=\dimen266
) (c:/texlive/2021/texmf-dist/tex/latex/pgf/basiclayer/pgf.sty (c:/texlive/2021/texmf-dist/tex/latex/pgf/utilities/pgfrcs.sty (c:/texlive/2021/texmf-dist/tex/generic/pgf/utilities/pgfutil-common.tex
\pgfutil@everybye=\toks37
\pgfutil@tempdima=\dimen267
\pgfutil@tempdimb=\dimen268
 (c:/texlive/2021/texmf-dist/tex/generic/pgf/utilities/pgfutil-common-lists.tex)) (c:/texlive/2021/texmf-dist/tex/generic/pgf/utilities/pgfutil-latex.def
\pgfutil@abb=\box109
) (c:/texlive/2021/texmf-dist/tex/generic/pgf/utilities/pgfrcs.code.tex (c:/texlive/2021/texmf-dist/tex/generic/pgf/pgf.revision.tex)
Package: pgfrcs 2021/05/15 v3.1.9a (3.1.9a)
))
Package: pgf 2021/05/15 v3.1.9a (3.1.9a)
 (c:/texlive/2021/texmf-dist/tex/latex/pgf/basiclayer/pgfcore.sty (c:/texlive/2021/texmf-dist/tex/latex/pgf/systemlayer/pgfsys.sty (c:/texlive/2021/texmf-dist/tex/generic/pgf/systemlayer/pgfsys.code.tex
Package: pgfsys 2021/05/15 v3.1.9a (3.1.9a)
 (c:/texlive/2021/texmf-dist/tex/generic/pgf/utilities/pgfkeys.code.tex
\pgfkeys@pathtoks=\toks38
\pgfkeys@temptoks=\toks39
 (c:/texlive/2021/texmf-dist/tex/generic/pgf/utilities/pgfkeysfiltered.code.tex
\pgfkeys@tmptoks=\toks40
))
\pgf@x=\dimen269
\pgf@y=\dimen270
\pgf@xa=\dimen271
\pgf@ya=\dimen272
\pgf@xb=\dimen273
\pgf@yb=\dimen274
\pgf@xc=\dimen275
\pgf@yc=\dimen276
\pgf@xd=\dimen277
\pgf@yd=\dimen278
\w@pgf@writea=\write3
\r@pgf@reada=\read3
\c@pgf@counta=\count333
\c@pgf@countb=\count334
\c@pgf@countc=\count335
\c@pgf@countd=\count336
\t@pgf@toka=\toks41
\t@pgf@tokb=\toks42
\t@pgf@tokc=\toks43
\pgf@sys@id@count=\count337
 (c:/texlive/2021/texmf-dist/tex/generic/pgf/systemlayer/pgf.cfg
File: pgf.cfg 2021/05/15 v3.1.9a (3.1.9a)
)
Driver file for pgf: pgfsys-luatex.def
 (c:/texlive/2021/texmf-dist/tex/generic/pgf/systemlayer/pgfsys-luatex.def
File: pgfsys-luatex.def 2021/05/15 v3.1.9a (3.1.9a)
 (c:/texlive/2021/texmf-dist/tex/generic/pgf/systemlayer/pgfsys-common-pdf.def
File: pgfsys-common-pdf.def 2021/05/15 v3.1.9a (3.1.9a)
))) (c:/texlive/2021/texmf-dist/tex/generic/pgf/systemlayer/pgfsyssoftpath.code.tex
File: pgfsyssoftpath.code.tex 2021/05/15 v3.1.9a (3.1.9a)
\pgfsyssoftpath@smallbuffer@items=\count338
\pgfsyssoftpath@bigbuffer@items=\count339
) (c:/texlive/2021/texmf-dist/tex/generic/pgf/systemlayer/pgfsysprotocol.code.tex
File: pgfsysprotocol.code.tex 2021/05/15 v3.1.9a (3.1.9a)
)) (c:/texlive/2021/texmf-dist/tex/generic/pgf/basiclayer/pgfcore.code.tex
Package: pgfcore 2021/05/15 v3.1.9a (3.1.9a)
 (c:/texlive/2021/texmf-dist/tex/generic/pgf/math/pgfmath.code.tex (c:/texlive/2021/texmf-dist/tex/generic/pgf/math/pgfmathcalc.code.tex (c:/texlive/2021/texmf-dist/tex/generic/pgf/math/pgfmathutil.code.tex) (c:/texlive/2021/texmf-dist/tex/generic/pgf/math/pgfmathparser.code.tex
\pgfmath@dimen=\dimen279
\pgfmath@count=\count340
\pgfmath@box=\box110
\pgfmath@toks=\toks44
\pgfmath@stack@operand=\toks45
\pgfmath@stack@operation=\toks46
) (c:/texlive/2021/texmf-dist/tex/generic/pgf/math/pgfmathfunctions.code.tex (c:/texlive/2021/texmf-dist/tex/generic/pgf/math/pgfmathfunctions.basic.code.tex) (c:/texlive/2021/texmf-dist/tex/generic/pgf/math/pgfmathfunctions.trigonometric.code.tex) (c:/texlive/2021/texmf-dist/tex/generic/pgf/math/pgfmathfunctions.random.code.tex) (c:/texlive/2021/texmf-dist/tex/generic/pgf/math/pgfmathfunctions.comparison.code.tex) (c:/texlive/2021/texmf-dist/tex/generic/pgf/math/pgfmathfunctions.base.code.tex) (c:/texlive/2021/texmf-dist/tex/generic/pgf/math/pgfmathfunctions.round.code.tex) (c:/texlive/2021/texmf-dist/tex/generic/pgf/math/pgfmathfunctions.misc.code.tex) (c:/texlive/2021/texmf-dist/tex/generic/pgf/math/pgfmathfunctions.integerarithmetics.code.tex))) (c:/texlive/2021/texmf-dist/tex/generic/pgf/math/pgfmathfloat.code.tex
\c@pgfmathroundto@lastzeros=\count341
)) (c:/texlive/2021/texmf-dist/tex/generic/pgf/math/pgfint.code.tex) (c:/texlive/2021/texmf-dist/tex/generic/pgf/basiclayer/pgfcorepoints.code.tex
File: pgfcorepoints.code.tex 2021/05/15 v3.1.9a (3.1.9a)
\pgf@picminx=\dimen280
\pgf@picmaxx=\dimen281
\pgf@picminy=\dimen282
\pgf@picmaxy=\dimen283
\pgf@pathminx=\dimen284
\pgf@pathmaxx=\dimen285
\pgf@pathminy=\dimen286
\pgf@pathmaxy=\dimen287
\pgf@xx=\dimen288
\pgf@xy=\dimen289
\pgf@yx=\dimen290
\pgf@yy=\dimen291
\pgf@zx=\dimen292
\pgf@zy=\dimen293
) (c:/texlive/2021/texmf-dist/tex/generic/pgf/basiclayer/pgfcorepathconstruct.code.tex
File: pgfcorepathconstruct.code.tex 2021/05/15 v3.1.9a (3.1.9a)
\pgf@path@lastx=\dimen294
\pgf@path@lasty=\dimen295
) (c:/texlive/2021/texmf-dist/tex/generic/pgf/basiclayer/pgfcorepathusage.code.tex
File: pgfcorepathusage.code.tex 2021/05/15 v3.1.9a (3.1.9a)
\pgf@shorten@end@additional=\dimen296
\pgf@shorten@start@additional=\dimen297
) (c:/texlive/2021/texmf-dist/tex/generic/pgf/basiclayer/pgfcorescopes.code.tex
File: pgfcorescopes.code.tex 2021/05/15 v3.1.9a (3.1.9a)
\pgfpic=\box111
\pgf@hbox=\box112
\pgf@layerbox@main=\box113
\pgf@picture@serial@count=\count342
) (c:/texlive/2021/texmf-dist/tex/generic/pgf/basiclayer/pgfcoregraphicstate.code.tex
File: pgfcoregraphicstate.code.tex 2021/05/15 v3.1.9a (3.1.9a)
\pgflinewidth=\dimen298
) (c:/texlive/2021/texmf-dist/tex/generic/pgf/basiclayer/pgfcoretransformations.code.tex
File: pgfcoretransformations.code.tex 2021/05/15 v3.1.9a (3.1.9a)
\pgf@pt@x=\dimen299
\pgf@pt@y=\dimen300
\pgf@pt@temp=\dimen301
) (c:/texlive/2021/texmf-dist/tex/generic/pgf/basiclayer/pgfcorequick.code.tex
File: pgfcorequick.code.tex 2021/05/15 v3.1.9a (3.1.9a)
) (c:/texlive/2021/texmf-dist/tex/generic/pgf/basiclayer/pgfcoreobjects.code.tex
File: pgfcoreobjects.code.tex 2021/05/15 v3.1.9a (3.1.9a)
) (c:/texlive/2021/texmf-dist/tex/generic/pgf/basiclayer/pgfcorepathprocessing.code.tex
File: pgfcorepathprocessing.code.tex 2021/05/15 v3.1.9a (3.1.9a)
) (c:/texlive/2021/texmf-dist/tex/generic/pgf/basiclayer/pgfcorearrows.code.tex
File: pgfcorearrows.code.tex 2021/05/15 v3.1.9a (3.1.9a)
\pgfarrowsep=\dimen302
) (c:/texlive/2021/texmf-dist/tex/generic/pgf/basiclayer/pgfcoreshade.code.tex
File: pgfcoreshade.code.tex 2021/05/15 v3.1.9a (3.1.9a)
\pgf@max=\dimen303
\pgf@sys@shading@range@num=\count343
\pgf@shadingcount=\count344
) (c:/texlive/2021/texmf-dist/tex/generic/pgf/basiclayer/pgfcoreimage.code.tex
File: pgfcoreimage.code.tex 2021/05/15 v3.1.9a (3.1.9a)
 (c:/texlive/2021/texmf-dist/tex/generic/pgf/basiclayer/pgfcoreexternal.code.tex
File: pgfcoreexternal.code.tex 2021/05/15 v3.1.9a (3.1.9a)
\pgfexternal@startupbox=\box114
)) (c:/texlive/2021/texmf-dist/tex/generic/pgf/basiclayer/pgfcorelayers.code.tex
File: pgfcorelayers.code.tex 2021/05/15 v3.1.9a (3.1.9a)
) (c:/texlive/2021/texmf-dist/tex/generic/pgf/basiclayer/pgfcoretransparency.code.tex
File: pgfcoretransparency.code.tex 2021/05/15 v3.1.9a (3.1.9a)
) (c:/texlive/2021/texmf-dist/tex/generic/pgf/basiclayer/pgfcorepatterns.code.tex
File: pgfcorepatterns.code.tex 2021/05/15 v3.1.9a (3.1.9a)
) (c:/texlive/2021/texmf-dist/tex/generic/pgf/basiclayer/pgfcorerdf.code.tex
File: pgfcorerdf.code.tex 2021/05/15 v3.1.9a (3.1.9a)
))) (c:/texlive/2021/texmf-dist/tex/generic/pgf/modules/pgfmoduleshapes.code.tex
File: pgfmoduleshapes.code.tex 2021/05/15 v3.1.9a (3.1.9a)
\pgfnodeparttextbox=\box115
) (c:/texlive/2021/texmf-dist/tex/generic/pgf/modules/pgfmoduleplot.code.tex
File: pgfmoduleplot.code.tex 2021/05/15 v3.1.9a (3.1.9a)
) (c:/texlive/2021/texmf-dist/tex/latex/pgf/compatibility/pgfcomp-version-0-65.sty
Package: pgfcomp-version-0-65 2021/05/15 v3.1.9a (3.1.9a)
\pgf@nodesepstart=\dimen304
\pgf@nodesepend=\dimen305
) (c:/texlive/2021/texmf-dist/tex/latex/pgf/compatibility/pgfcomp-version-1-18.sty
Package: pgfcomp-version-1-18 2021/05/15 v3.1.9a (3.1.9a)
)) (c:/texlive/2021/texmf-dist/tex/latex/pgfplots/pgfplots.sty (c:/texlive/2021/texmf-dist/tex/generic/pgfplots/pgfplots.revision.tex)
Package: pgfplots 2021/05/15 v1.18.1 Data Visualization (1.18.1)
 (c:/texlive/2021/texmf-dist/tex/latex/pgf/frontendlayer/tikz.sty (c:/texlive/2021/texmf-dist/tex/latex/pgf/utilities/pgffor.sty (c:/texlive/2021/texmf-dist/tex/latex/pgf/utilities/pgfkeys.sty (c:/texlive/2021/texmf-dist/tex/generic/pgf/utilities/pgfkeys.code.tex)) (c:/texlive/2021/texmf-dist/tex/latex/pgf/math/pgfmath.sty (c:/texlive/2021/texmf-dist/tex/generic/pgf/math/pgfmath.code.tex)) (c:/texlive/2021/texmf-dist/tex/generic/pgf/utilities/pgffor.code.tex
Package: pgffor 2021/05/15 v3.1.9a (3.1.9a)
 (c:/texlive/2021/texmf-dist/tex/generic/pgf/math/pgfmath.code.tex)
\pgffor@iter=\dimen306
\pgffor@skip=\dimen307
\pgffor@stack=\toks47
\pgffor@toks=\toks48
)) (c:/texlive/2021/texmf-dist/tex/generic/pgf/frontendlayer/tikz/tikz.code.tex
Package: tikz 2021/05/15 v3.1.9a (3.1.9a)
 (c:/texlive/2021/texmf-dist/tex/generic/pgf/libraries/pgflibraryplothandlers.code.tex
File: pgflibraryplothandlers.code.tex 2021/05/15 v3.1.9a (3.1.9a)
\pgf@plot@mark@count=\count345
\pgfplotmarksize=\dimen308
)
\tikz@lastx=\dimen309
\tikz@lasty=\dimen310
\tikz@lastxsaved=\dimen311
\tikz@lastysaved=\dimen312
\tikz@lastmovetox=\dimen313
\tikz@lastmovetoy=\dimen314
\tikzleveldistance=\dimen315
\tikzsiblingdistance=\dimen316
\tikz@figbox=\box116
\tikz@figbox@bg=\box117
\tikz@tempbox=\box118
\tikz@tempbox@bg=\box119
\tikztreelevel=\count346
\tikznumberofchildren=\count347
\tikznumberofcurrentchild=\count348
\tikz@fig@count=\count349
 (c:/texlive/2021/texmf-dist/tex/generic/pgf/modules/pgfmodulematrix.code.tex
File: pgfmodulematrix.code.tex 2021/05/15 v3.1.9a (3.1.9a)
\pgfmatrixcurrentrow=\count350
\pgfmatrixcurrentcolumn=\count351
\pgf@matrix@numberofcolumns=\count352
)
\tikz@expandcount=\count353
 (c:/texlive/2021/texmf-dist/tex/generic/pgf/frontendlayer/tikz/libraries/tikzlibrarytopaths.code.tex
File: tikzlibrarytopaths.code.tex 2021/05/15 v3.1.9a (3.1.9a)
))) (c:/texlive/2021/texmf-dist/tex/generic/pgfplots/pgfplots.code.tex (c:/texlive/2021/texmf-dist/tex/generic/pgfplots/pgfplotscore.code.tex
Package pgfplots info on input line 124: Initializing with LUA version Lua 5.3
\pgfplots@luabackend@table=\catcodetable14
\t@pgfplots@toka=\toks49
\t@pgfplots@tokb=\toks50
\t@pgfplots@tokc=\toks51
\pgfplots@tmpa=\dimen317
\c@pgfplots@coordindex=\count354
\c@pgfplots@scanlineindex=\count355
 (c:/texlive/2021/texmf-dist/tex/generic/pgfplots/sys/pgfplotssysgeneric.code.tex)) (c:/texlive/2021/texmf-dist/tex/generic/pgfplots/libs/pgfplotslibrary.code.tex) (c:/texlive/2021/texmf-dist/tex/generic/pgfplots/oldpgfcompatib/pgfplotsoldpgfsupp_loader.code.tex (c:/texlive/2021/texmf-dist/tex/generic/pgf/libraries/pgflibraryfpu.code.tex) (c:/texlive/2021/texmf-dist/tex/generic/pgf/libraries/luamath/pgflibraryluamath.code.tex)
Package pgfplots info on input line 290: luamath library shipped with pgf 3.1.9a is up-to-date
) (c:/texlive/2021/texmf-dist/tex/generic/pgfplots/util/pgfplotsutil.code.tex
Package pgfplots info on input line 82: Found new luatex: initializing lua commands instead of write18 (shell-escape)
 (c:/texlive/2021/texmf-dist/tex/generic/pgfplots/liststructure/pgfplotsliststructure.code.tex) (c:/texlive/2021/texmf-dist/tex/generic/pgfplots/liststructure/pgfplotsliststructureext.code.tex) (c:/texlive/2021/texmf-dist/tex/generic/pgfplots/liststructure/pgfplotsarray.code.tex
\c@pgfplotsarray@tmp=\count356
) (c:/texlive/2021/texmf-dist/tex/generic/pgfplots/liststructure/pgfplotsmatrix.code.tex) (c:/texlive/2021/texmf-dist/tex/generic/pgfplots/numtable/pgfplotstableshared.code.tex
\c@pgfplotstable@counta=\count357
\t@pgfplotstable@a=\toks52
) (c:/texlive/2021/texmf-dist/tex/generic/pgfplots/liststructure/pgfplotsdeque.code.tex) (c:/texlive/2021/texmf-dist/tex/generic/pgfplots/util/pgfplotsbinary.code.tex (c:/texlive/2021/texmf-dist/tex/generic/pgfplots/util/pgfplotsbinary.data.code.tex)) (c:/texlive/2021/texmf-dist/tex/generic/pgfplots/util/pgfplotsutil.verb.code.tex) (c:/texlive/2021/texmf-dist/tex/generic/pgfplots/libs/pgflibrarypgfplots.surfshading.code.tex
\c@pgfplotslibrarysurf@no=\count358
 (c:/texlive/2021/texmf-dist/tex/generic/pgfplots/sys/pgflibrarypgfplots.surfshading.pgfsys-luatex.def))) (c:/texlive/2021/texmf-dist/tex/generic/pgfplots/util/pgfplotscolormap.code.tex (c:/texlive/2021/texmf-dist/tex/generic/pgfplots/util/pgfplotscolor.code.tex)) (c:/texlive/2021/texmf-dist/tex/generic/pgfplots/pgfplotsstackedplots.code.tex) (c:/texlive/2021/texmf-dist/tex/generic/pgfplots/pgfplotsplothandlers.code.tex (c:/texlive/2021/texmf-dist/tex/generic/pgfplots/pgfplotsmeshplothandler.code.tex (c:/texlive/2021/texmf-dist/tex/generic/pgfplots/pgfplotsmeshplotimage.code.tex))) (c:/texlive/2021/texmf-dist/tex/generic/pgfplots/pgfplots.scaling.code.tex) (c:/texlive/2021/texmf-dist/tex/generic/pgfplots/pgfplotscoordprocessing.code.tex) (c:/texlive/2021/texmf-dist/tex/generic/pgfplots/pgfplots.errorbars.code.tex) (c:/texlive/2021/texmf-dist/tex/generic/pgfplots/pgfplots.markers.code.tex) (c:/texlive/2021/texmf-dist/tex/generic/pgfplots/pgfplotsticks.code.tex) (c:/texlive/2021/texmf-dist/tex/generic/pgfplots/pgfplots.paths.code.tex) (c:/texlive/2021/texmf-dist/tex/generic/pgf/frontendlayer/tikz/libraries/tikzlibrarydecorations.code.tex (c:/texlive/2021/texmf-dist/tex/generic/pgf/modules/pgfmoduledecorations.code.tex
\pgfdecoratedcompleteddistance=\dimen318
\pgfdecoratedremainingdistance=\dimen319
\pgfdecoratedinputsegmentcompleteddistance=\dimen320
\pgfdecoratedinputsegmentremainingdistance=\dimen321
\pgf@decorate@distancetomove=\dimen322
\pgf@decorate@repeatstate=\count359
\pgfdecorationsegmentamplitude=\dimen323
\pgfdecorationsegmentlength=\dimen324
)
\tikz@lib@dec@box=\box120
) (c:/texlive/2021/texmf-dist/tex/generic/pgf/frontendlayer/tikz/libraries/tikzlibrarydecorations.pathmorphing.code.tex (c:/texlive/2021/texmf-dist/tex/generic/pgf/libraries/decorations/pgflibrarydecorations.pathmorphing.code.tex)) (c:/texlive/2021/texmf-dist/tex/generic/pgf/frontendlayer/tikz/libraries/tikzlibrarydecorations.pathreplacing.code.tex (c:/texlive/2021/texmf-dist/tex/generic/pgf/libraries/decorations/pgflibrarydecorations.pathreplacing.code.tex)) (c:/texlive/2021/texmf-dist/tex/generic/pgfplots/libs/tikzlibrarypgfplots.contourlua.code.tex)
\pgfplots@numplots=\count360
\pgfplots@xmin@reg=\dimen325
\pgfplots@xmax@reg=\dimen326
\pgfplots@ymin@reg=\dimen327
\pgfplots@ymax@reg=\dimen328
\pgfplots@zmin@reg=\dimen329
\pgfplots@zmax@reg=\dimen330
) (c:/texlive/2021/texmf-dist/tex/generic/pgf/frontendlayer/tikz/libraries/tikzlibraryplotmarks.code.tex
File: tikzlibraryplotmarks.code.tex 2021/05/15 v3.1.9a (3.1.9a)
 (c:/texlive/2021/texmf-dist/tex/generic/pgf/libraries/pgflibraryplotmarks.code.tex
File: pgflibraryplotmarks.code.tex 2021/05/15 v3.1.9a (3.1.9a)
))) (c:/texlive/2021/texmf-dist/tex/latex/tikz-3dplot/tikz-3dplot.sty (c:/texlive/2021/texmf-dist/tex/generic/pgf/frontendlayer/tikz/libraries/tikzlibrarycalc.code.tex
File: tikzlibrarycalc.code.tex 2021/05/15 v3.1.9a (3.1.9a)
) (c:/texlive/2021/texmf-dist/tex/generic/pgf/frontendlayer/tikz/libraries/tikzlibrary3d.code.tex
File: tikzlibrary3d.code.tex 2021/05/15 v3.1.9a (3.1.9a)
) (c:/texlive/2021/texmf-dist/tex/generic/pgf/frontendlayer/tikz/libraries/tikzlibraryarrows.code.tex
File: tikzlibraryarrows.code.tex 2021/05/15 v3.1.9a (3.1.9a)
 (c:/texlive/2021/texmf-dist/tex/generic/pgf/libraries/pgflibraryarrows.code.tex
File: pgflibraryarrows.code.tex 2021/05/15 v3.1.9a (3.1.9a)
\arrowsize=\dimen331
))) (c:/texlive/2021/texmf-dist/tex/latex/listings/listings.sty
\lst@mode=\count361
\lst@gtempboxa=\box121
\lst@token=\toks53
\lst@length=\count362
\lst@currlwidth=\dimen332
\lst@column=\count363
\lst@pos=\count364
\lst@lostspace=\dimen333
\lst@width=\dimen334
\lst@newlines=\count365
\lst@lineno=\count366
\lst@maxwidth=\dimen335
 (c:/texlive/2021/texmf-dist/tex/latex/listings/lstmisc.sty
File: lstmisc.sty 2020/03/24 1.8d (Carsten Heinz)
\c@lstnumber=\count367
\lst@skipnumbers=\count368
\lst@framebox=\box122
) (c:/texlive/2021/texmf-dist/tex/latex/listings/listings.cfg
File: listings.cfg 2020/03/24 1.8d listings configuration
))
Package: listings 2020/03/24 1.8d (Carsten Heinz)
\@nomenclaturefile=\write4

\openout4 = thesis.nlo
Package nomencl Info: Writing nomenclature file thesis.nlo on input line 68.
) (./thesis.aux

LaTeX Warning: Label `fig:sub1' multiply defined.


LaTeX Warning: Label `sub@fig:sub1' multiply defined.


LaTeX Warning: Label `fig:sub2' multiply defined.


LaTeX Warning: Label `sub@fig:sub2' multiply defined.


LaTeX Warning: Label `fig:hardware' multiply defined.


LaTeX Warning: Label `fig:underwater' multiply defined.


LaTeX Warning: Label `sub@fig:underwater' multiply defined.


LaTeX Warning: Label `fig:underwater_1' multiply defined.


LaTeX Warning: Label `sub@fig:underwater_1' multiply defined.


LaTeX Warning: Label `fig:underwater_1' multiply defined.


LaTeX Warning: Label `sub@fig:underwater_1' multiply defined.

)
\openout1 = thesis.aux

LaTeX Font Info:    Checking defaults for OML/cmm/m/it on input line 8.
LaTeX Font Info:    ... okay on input line 8.
LaTeX Font Info:    Checking defaults for OMS/cmsy/m/n on input line 8.
LaTeX Font Info:    ... okay on input line 8.
LaTeX Font Info:    Checking defaults for OT1/cmr/m/n on input line 8.
LaTeX Font Info:    ... okay on input line 8.
LaTeX Font Info:    Checking defaults for T1/cmr/m/n on input line 8.
LaTeX Font Info:    ... okay on input line 8.
LaTeX Font Info:    Checking defaults for TS1/cmr/m/n on input line 8.
LaTeX Font Info:    Trying to load font information for TS1+cmr on input line 8.
 (c:/texlive/2021/texmf-dist/tex/latex/base/ts1cmr.fd
File: ts1cmr.fd 2019/12/16 v2.5j Standard LaTeX font definitions
)
LaTeX Font Info:    ... okay on input line 8.
LaTeX Font Info:    Checking defaults for TU/lmr/m/n on input line 8.
LaTeX Font Info:    ... okay on input line 8.
LaTeX Font Info:    Checking defaults for OMX/cmex/m/n on input line 8.
LaTeX Font Info:    ... okay on input line 8.
LaTeX Font Info:    Checking defaults for U/cmr/m/n on input line 8.
LaTeX Font Info:    ... okay on input line 8.
LaTeX Font Info:    Checking defaults for PD1/pdf/m/n on input line 8.
LaTeX Font Info:    ... okay on input line 8.
LaTeX Font Info:    Checking defaults for PU/pdf/m/n on input line 8.
LaTeX Font Info:    ... okay on input line 8.
Package ragged2e Info: ABD: executing \RaggedRight on input line 8.
Package hyperref Info: Link coloring OFF on input line 8.
 (c:/texlive/2021/texmf-dist/tex/latex/hyperref/nameref.sty
Package: nameref 2021-04-02 v2.47 Cross-referencing by name of section
 (c:/texlive/2021/texmf-dist/tex/latex/refcount/refcount.sty
Package: refcount 2019/12/15 v3.6 Data extraction from label references (HO)
) (c:/texlive/2021/texmf-dist/tex/generic/gettitlestring/gettitlestring.sty
Package: gettitlestring 2019/12/15 v1.6 Cleanup title references (HO)
)
\c@section@level=\count369
)
LaTeX Info: Redefining \ref on input line 8.
LaTeX Info: Redefining \pageref on input line 8.
LaTeX Info: Redefining \nameref on input line 8.
 (./thesis.out) (./thesis.out)
\@outlinefile=\write5

\openout5 = thesis.out
 (c:/texlive/2021/texmf-dist/tex/context/base/mkii/supp-pdf.mkii
[Loading MPS to PDF converter (version 2006.09.02).]
\scratchcounter=\count370
\scratchdimen=\dimen336
\scratchbox=\box123
\nofMPsegments=\count371
\nofMParguments=\count372
\everyMPshowfont=\toks54
\MPscratchCnt=\count373
\MPscratchDim=\dimen337
\MPnumerator=\count374
\makeMPintoPDFobject=\count375
\everyMPtoPDFconversion=\toks55
) (c:/texlive/2021/texmf-dist/tex/latex/epstopdf-pkg/epstopdf-base.sty
Package: epstopdf-base 2020-01-24 v2.11 Base part for package epstopdf
Package epstopdf-base Info: Redefining graphics rule for `.eps' on input line 485.
 (c:/texlive/2021/texmf-dist/tex/latex/latexconfig/epstopdf-sys.cfg
File: epstopdf-sys.cfg 2010/07/13 v1.3 Configuration of (r)epstopdf for TeX Live
))

Package tablefootnote Warning: LuaTeX and hyperref package used:
(tablefootnote)                Hyperreferences in rotated content
(tablefootnote)                will be misplaced
(tablefootnote)                regardless of tablefootnote package.
(tablefootnote)                The text to be printed will be OK.


Package chemgreek Info: Activating mapping `default' on line 8.

Package caption Info: Begin \AtBeginDocument code.
Package caption Info: listings package is loaded.
Package caption Info: End \AtBeginDocument code.

Package pgfplots Warning: running in backwards compatibility mode (unsuitable tick labels; missing features). Consider writing \pgfplotsset{compat=1.18} into your preamble.
 on input line 8.

\c@lstlisting=\count376
(./chapters/0_cover.tex
<figures/logoUMa.png, id=232, 845.1575pt x 597.23125pt>
File: figures/logoUMa.png Graphic file (type png)
<use figures/logoUMa.png>
Package luatex.def Info: figures/logoUMa.png  used on input line 5.
(luatex.def)             Requested size: 173.56177pt x 122.64279pt.


LaTeX Font Warning: Font shape `T1/lmr/m/scit' undefined
(Font)              using `T1/lmr/m/scsl' instead on input line 12.

[1

{c:/texlive/2021/texmf-var/fonts/map/pdftex/updmap/pdftex.map}<./figures/logoUMa.png>]) (./chapters/0_abstract.tex) (./chapters/0_resumo.tex [2

]) (./chapters/0_acknowledgements.tex [3

]) [4

] (./thesis.toc
LaTeX Font Info:    Trying to load font information for U+msa on input line 4.
 (c:/texlive/2021/texmf-dist/tex/latex/amsfonts/umsa.fd
File: umsa.fd 2013/01/14 v3.01 AMS symbols A
)
LaTeX Font Info:    Trying to load font information for U+msb on input line 4.
 (c:/texlive/2021/texmf-dist/tex/latex/amsfonts/umsb.fd
File: umsb.fd 2013/01/14 v3.01 AMS symbols B
) [5

])
\tf@toc=\write6

\openout6 = thesis.toc
 [6] (./thesis.lof

LaTeX Warning: Citation `zeitlhofler2019nominal' on page 7 undefined on input line 4.


LaTeX Warning: Citation `zeitlhofler2019nominal' on page 7 undefined on input line 7.


LaTeX Warning: Citation `zeitlhofler2019nominal' on page 7 undefined on input line 8.


Underfull \vbox (badness 10000) has occurred while \output is active []

 [7

]

LaTeX Warning: Citation `zeitlhofler2019nominal' on page 8 undefined on input line 9.


LaTeX Warning: Citation `higgins1975comparison' on page 8 undefined on input line 11.


LaTeX Warning: Citation `zeitlhofler2019nominal' on page 8 undefined on input line 12.


LaTeX Warning: Citation `mosallaei2007process' on page 8 undefined on input line 15.


LaTeX Warning: Citation `mosallaei2007process' on page 8 undefined on input line 16.


LaTeX Warning: Citation `higgins1975comparison' on page 8 undefined on input line 17.


LaTeX Warning: Citation `mosallaei2007process' on page 8 undefined on input line 18.


Underfull \vbox (badness 10000) has occurred while \output is active []

 [8]
Underfull \vbox (badness 10000) has occurred while \output is active []

 [9])
\tf@lof=\write7

\openout7 = thesis.lof
 [10] (./thesis.lot)
\tf@lot=\write8

\openout8 = thesis.lot
\nomitemorigsep=\skip91

No file thesis.nls.
[11

] (./chapters/1_introduction.tex

LaTeX Warning: Citation `ioannides2016known' on page 1 undefined on input line 2.


LaTeX Warning: Citation `omar2016integration' on page 1 undefined on input line 2.


LaTeX Warning: Citation `nassar2004improving' on page 1 undefined on input line 2.


LaTeX Warning: Citation `dewhirst2016improving' on page 1 undefined on input line 2.


LaTeX Warning: Citation `kao1991integration' on page 1 undefined on input line 2.


LaTeX Warning: Citation `coyte2013displacement' on page 1 undefined on input line 2.


LaTeX Warning: Citation `wong1988high' on page 1 undefined on input line 2.


LaTeX Warning: Citation `hetenyi2016sensor' on page 1 undefined on input line 2.


LaTeX Warning: Citation `luo2013uav' on page 1 undefined on input line 2.


LaTeX Warning: Citation `sharma2014sensor' on page 1 undefined on input line 2.


LaTeX Warning: Citation `madgwick2020extended' on page 1 undefined on input line 2.


LaTeX Warning: Citation `wilson2019formulation' on page 1 undefined on input line 2.


Underfull \vbox (badness 10000) has occurred while \output is active []


warning  (pdf backend): ignoring duplicate destination with the name 'page.1'
[1

Missing character: There is no  (U+201C) in font ec-lmr10!
Missing character: There is no  (U+201D) in font ec-lmr10!
]

LaTeX Warning: Citation `ioannides2016known' on page 2 undefined on input line 10.


LaTeX Warning: Citation `papadimitratos2008protection' on page 2 undefined on input line 10.


LaTeX Warning: Citation `amin2016vulnerabilities' on page 2 undefined on input line 10.


LaTeX Warning: Citation `pinker1999vulnerability' on page 2 undefined on input line 11.


LaTeX Warning: Citation `omar2016integration' on page 2 undefined on input line 11.


LaTeX Warning: Citation `lo2016greener' on page 2 undefined on input line 12.


LaTeX Warning: Citation `omar2016integration' on page 2 undefined on input line 16.


LaTeX Warning: Citation `dewhirst2016improving' on page 2 undefined on input line 16.


LaTeX Warning: Citation `kao1991integration' on page 2 undefined on input line 16.


LaTeX Warning: Citation `krakiwsky1988kalman' on page 2 undefined on input line 16.


warning  (pdf backend): ignoring duplicate destination with the name 'page.2'
[2
Missing character: There is no  (U+2010) in font ec-lmr10!
]

LaTeX Warning: Citation `bojanczyk1991computation' on page 3 undefined on input line 18.


LaTeX Warning: Citation `janota2015improving' on page 3 undefined on input line 18.


LaTeX Warning: Citation `hemingway2018perspectives' on page 3 undefined on input line 20.

<figures/gimbal_lock.png, id=537, 853.1875pt x 330.23375pt>
File: figures/gimbal_lock.png Graphic file (type png)
<use figures/gimbal_lock.png>
Package luatex.def Info: figures/gimbal_lock.png  used on input line 25.
(luatex.def)             Requested size: 242.98541pt x 94.04704pt.

LaTeX Warning: Citation `zeitlhofler2019nominal' on page 3 undefined on input line 26.


LaTeX Warning: Citation `zeitlhofler2019nominal' on page 3 undefined on input line 26.


LaTeX Warning: `!h' float specifier changed to `!ht'.


LaTeX Warning: Citation `yang2006simple' on page 3 undefined on input line 31.


LaTeX Warning: Citation `nistler2011gravity' on page 3 undefined on input line 31.


LaTeX Warning: Citation `thong2004numerical' on page 3 undefined on input line 31.


warning  (pdf backend): ignoring duplicate destination with the name 'page.3'
[3]

LaTeX Warning: Citation `nistler2011gravity' on page 4 undefined on input line 33.


warning  (pdf backend): ignoring duplicate destination with the name 'page.4'
[4<./figures/gimbal_lock.png>])
warning  (pdf backend): ignoring duplicate destination with the name 'page.5'
[5] (./chapters/2_background.tex
warning  (pdf backend): ignoring duplicate destination with the name 'page.6'
[6] (./figures/ECEF.tex)
Underfull \vbox (badness 10000) has occurred while \output is active []


warning  (pdf backend): ignoring duplicate destination with the name 'page.7'
[7]
warning  (pdf backend): ignoring duplicate destination with the name 'page.8'
[8] (./plots/rotation_matrix.tex) (./plots/rotation_matrix3D.tex)

LaTeX Warning: `!h' float specifier changed to `!ht'.

<figures/rotation.pdf, id=580, 187.66109pt x 207.65579pt>
File: figures/rotation.pdf Graphic file (type pdf)
<use figures/rotation.pdf>
Package luatex.def Info: figures/rotation.pdf  used on input line 116.
(luatex.def)             Requested size: 242.98541pt x 268.87834pt.

LaTeX Warning: Citation `zeitlhofler2019nominal' on page 9 undefined on input line 117.


LaTeX Warning: Citation `zeitlhofler2019nominal' on page 9 undefined on input line 117.


LaTeX Warning: `!h' float specifier changed to `!ht'.


warning  (pdf backend): ignoring duplicate destination with the name 'page.9'
[9
Missing character: There is no  (U+2212) in font ec-lmr10!
]
warning  (pdf backend): ignoring duplicate destination with the name 'page.10'
[10]
Underfull \vbox (badness 1803) has occurred while \output is active []


warning  (pdf backend): ignoring duplicate destination with the name 'page.11'
[11<./figures/rotation.pdf>]
File: figures/gimbal_lock.png Graphic file (type png)
<use figures/gimbal_lock.png>
Package luatex.def Info: figures/gimbal_lock.png  used on input line 184.
(luatex.def)             Requested size: 242.98541pt x 94.04704pt.


LaTeX Warning: Citation `zeitlhofler2019nominal' on page 12 undefined on input line 185.


LaTeX Warning: Citation `zeitlhofler2019nominal' on page 12 undefined on input line 185.

[12]
<figures/complex_rotation.pdf, id=615, 630.26666pt x 623.72224pt>
File: figures/complex_rotation.pdf Graphic file (type pdf)
<use figures/complex_rotation.pdf>
Package luatex.def Info: figures/complex_rotation.pdf  used on input line 195.
(luatex.def)             Requested size: 242.98541pt x 240.46214pt.


LaTeX Warning: Citation `zeitlhofler2019nominal' on page 13 undefined on input line 196.


LaTeX Warning: Citation `zeitlhofler2019nominal' on page 13 undefined on input line 196.

[13<./figures/complex_rotation.pdf>]
Underfull \vbox (badness 10000) has occurred while \output is active []

 [14]
Underfull \vbox (badness 2556) has occurred while \output is active []

 [15]

LaTeX Warning: Citation `madgwick2020extended' on page 16 undefined on input line 324.


LaTeX Warning: Citation `wilson2019formulation' on page 16 undefined on input line 324.

<figures/noise.pdf, id=644, 337.26pt x 81.4242pt>
File: figures/noise.pdf Graphic file (type pdf)
<use figures/noise.pdf>
Package luatex.def Info: figures/noise.pdf  used on input line 328.
(luatex.def)             Requested size: 347.12354pt x 83.80698pt.
[16<./figures/noise.pdf>]
<figures/accelerometer.pdf, id=655, 263.06279pt x 235.8411pt>
File: figures/accelerometer.pdf Graphic file (type pdf)
<use figures/accelerometer.pdf>
Package luatex.def Info: figures/accelerometer.pdf  used on input line 348.
(luatex.def)             Requested size: 173.56177pt x 155.60881pt.


LaTeX Warning: Citation `higgins1975comparison' on page 17 undefined on input line 349.


LaTeX Warning: Citation `higgins1975comparison' on page 17 undefined on input line 349.


LaTeX Warning: `!h' float specifier changed to `!ht'.


Underfull \vbox (badness 10000) has occurred while \output is active []

 [17]
<figures/gyroscope.pdf, id=663, 472.64577pt x 190.7928pt>
File: figures/gyroscope.pdf Graphic file (type pdf)
<use figures/gyroscope.pdf>
Package luatex.def Info: figures/gyroscope.pdf  used on input line 358.
(luatex.def)             Requested size: 242.98541pt x 98.08615pt.


LaTeX Warning: Citation `zeitlhofler2019nominal' on page 18 undefined on input line 359.


LaTeX Warning: Citation `zeitlhofler2019nominal' on page 18 undefined on input line 359.


Underfull \vbox (badness 10000) has occurred while \output is active []

 [18<./figures/accelerometer.pdf><./figures/gyroscope.pdf>]
<figures/coriolis.pdf, id=677, 346.4142pt x 274.1442pt>
File: figures/coriolis.pdf Graphic file (type pdf)
<use figures/coriolis.pdf>
Package luatex.def Info: figures/coriolis.pdf  used on input line 373.
(luatex.def)             Requested size: 242.98541pt x 192.29282pt.

Underfull \vbox (badness 10000) has occurred while \output is active []

 [19<./figures/coriolis.pdf>]
Missing character: There is no  (U+2212) in font cmr7!
Missing character: There is no  (U+2212) in font cmr7!
 [20]
Underfull \vbox (badness 10000) has occurred while \output is active []

 [21]
<figures/magnetometer_distortion.pdf, id=716, 820.02356pt x 205.72859pt>
File: figures/magnetometer_distortion.pdf Graphic file (type pdf)
<use figures/magnetometer_distortion.pdf>
Package luatex.def Info: figures/magnetometer_distortion.pdf  used on input line 434.
(luatex.def)             Requested size: 347.12354pt x 87.08661pt.


LaTeX Warning: Citation `welch1995introduction' on page 22 undefined on input line 445.


Underfull \vbox (badness 1968) has occurred while \output is active []

 [22<./figures/magnetometer_distortion.pdf>]
<figures/kalman1.pdf, id=734, 499.8675pt x 133.45859pt>
File: figures/kalman1.pdf Graphic file (type pdf)
<use figures/kalman1.pdf>
Package luatex.def Info: figures/kalman1.pdf  used on input line 449.
(luatex.def)             Requested size: 242.98541pt x 64.87395pt.


LaTeX Warning: Citation `mosallaei2007process' on page 23 undefined on input line 450.


LaTeX Warning: Citation `mosallaei2007process' on page 23 undefined on input line 450.


LaTeX Warning: Citation `mosallaei2007process' on page 23 undefined on input line 454.

<figures/kalman2.pdf, id=736, 549.97469pt x 133.45859pt>
File: figures/kalman2.pdf Graphic file (type pdf)
<use figures/kalman2.pdf>
Package luatex.def Info: figures/kalman2.pdf  used on input line 458.
(luatex.def)             Requested size: 242.98541pt x 58.96225pt.

LaTeX Warning: Citation `mosallaei2007process' on page 23 undefined on input line 459.


LaTeX Warning: Citation `mosallaei2007process' on page 23 undefined on input line 459.


LaTeX Warning: Citation `wilson2019formulation' on page 23 undefined on input line 464.

[23<./figures/kalman1.pdf><./figures/kalman2.pdf>]

LaTeX Warning: Citation `higgins1975comparison' on page 24 undefined on input line 485.

<figures/complementary.pdf, id=752, 325.215pt x 136.5903pt>
File: figures/complementary.pdf Graphic file (type pdf)
<use figures/complementary.pdf>
Package luatex.def Info: figures/complementary.pdf  used on input line 489.
(luatex.def)             Requested size: 242.98541pt x 102.05688pt.

LaTeX Warning: Citation `higgins1975comparison' on page 24 undefined on input line 490.


LaTeX Warning: Citation `higgins1975comparison' on page 24 undefined on input line 490.

[24<./figures/complementary.pdf>]

LaTeX Warning: Citation `wilson2019formulation' on page 25 undefined on input line 526.

[25]

LaTeX Warning: Citation `madgwick2020extended' on page 26 undefined on input line 531.


LaTeX Warning: Citation `ludwig2018comparison' on page 26 undefined on input line 532.


LaTeX Warning: Citation `madgwick2010efficient' on page 26 undefined on input line 533.

) [26
Missing character: There is no  (U+2018) in font ec-lmr10!
] (./chapters/3_related_work.tex

LaTeX Warning: Citation `ladetto2002step' on page 27 undefined on input line 10.


LaTeX Warning: Citation `stirling2003innovative' on page 27 undefined on input line 12.


LaTeX Warning: Citation `steinhoff2010dead' on page 27 undefined on input line 14.


LaTeX Warning: Citation `weinberg2002using' on page 27 undefined on input line 14.


LaTeX Warning: Citation `kim2004step' on page 27 undefined on input line 14.


LaTeX Warning: Citation `collin2002mems' on page 27 undefined on input line 14.

[27]

LaTeX Warning: Citation `jameian2019robust' on page 28 undefined on input line 19.


LaTeX Warning: Citation `bird2011indoor' on page 28 undefined on input line 21.


LaTeX Warning: Citation `coyte2013displacement' on page 28 undefined on input line 26.

[28]

LaTeX Warning: Citation `hall1997introduction' on page 29 undefined on input line 29.


LaTeX Warning: Citation `elmenreich2002introduction' on page 29 undefined on input line 29.


LaTeX Warning: Citation `welch1995introduction' on page 29 undefined on input line 32.


LaTeX Warning: Citation `mosallaei2007process' on page 29 undefined on input line 32.


LaTeX Warning: Citation `wilson2019formulation' on page 29 undefined on input line 34.

[29]
File: figures/kalman1.pdf Graphic file (type pdf)
<use figures/kalman1.pdf>
Package luatex.def Info: figures/kalman1.pdf  used on input line 40.
(luatex.def)             Requested size: 156.20453pt x 41.70366pt.
File: figures/kalman2.pdf Graphic file (type pdf)
<use figures/kalman2.pdf>
Package luatex.def Info: figures/kalman2.pdf  used on input line 45.
(luatex.def)             Requested size: 156.20453pt x 37.90372pt.


LaTeX Warning: Citation `mosallaei2007process' on page 30 undefined on input line 51.


LaTeX Warning: Citation `mosallaei2007process' on page 30 undefined on input line 51.


LaTeX Warning: Citation `wong1988high' on page 30 undefined on input line 54.


LaTeX Warning: Citation `qi2002direct' on page 30 undefined on input line 54.


LaTeX Warning: Citation `nassar2004improving' on page 30 undefined on input line 54.


LaTeX Warning: Citation `mohamed1999adaptive' on page 30 undefined on input line 54.


Underfull \vbox (badness 2027) has occurred while \output is active []

 [30]

LaTeX Warning: Citation `hetenyi2016sensor' on page 31 undefined on input line 56.


LaTeX Warning: Citation `luo2013uav' on page 31 undefined on input line 56.


LaTeX Warning: Citation `sharma2014sensor' on page 31 undefined on input line 58.


LaTeX Warning: Citation `higgins1975comparison' on page 31 undefined on input line 61.


LaTeX Warning: Citation `wilson2019formulation' on page 31 undefined on input line 61.

[31]

LaTeX Warning: Citation `madgwick2020extended' on page 32 undefined on input line 70.


LaTeX Warning: Citation `noordin2018sensor' on page 32 undefined on input line 72.


LaTeX Warning: Citation `euston2008complementary' on page 32 undefined on input line 73.


LaTeX Warning: Citation `madgwick2020extended' on page 32 undefined on input line 77.


LaTeX Warning: Citation `ludwig2018comparison' on page 32 undefined on input line 78.


LaTeX Warning: Citation `madgwick2010efficient' on page 32 undefined on input line 79.

[32]

LaTeX Warning: Citation `ludwig2018comparison' on page 33 undefined on input line 82.


LaTeX Warning: Citation `ludwig2018comparisonuav' on page 33 undefined on input line 82.


LaTeX Warning: Citation `diaz2015evaluation' on page 33 undefined on input line 82.

[33
Missing character: There is no  (U+2018) in font ec-lmr10!
]) [34] (./chapters/4_experimental_setup.tex
<figures/INS.jpg, id=828, 2000.47375pt x 2001.4775pt>
File: figures/INS.jpg Graphic file (type jpg)
<use figures/INS.jpg>
Package luatex.def Info: figures/INS.jpg  used on input line 19.
(luatex.def)             Requested size: 170.09244pt x 170.16914pt.
<figures/mpu9250.jpg, id=829, 81.906pt x 85.0377pt>
File: figures/mpu9250.jpg Graphic file (type jpg)
<use figures/mpu9250.jpg>
Package luatex.def Info: figures/mpu9250.jpg  used on input line 25.
(luatex.def)             Requested size: 170.09244pt x 176.62767pt.


LaTeX Warning: `!h' float specifier changed to `!ht'.

[35]
<figures/mpu_orientation.pdf, id=835, 303.05219pt x 140.4447pt>
File: figures/mpu_orientation.pdf Graphic file (type pdf)
<use figures/mpu_orientation.pdf>
Package luatex.def Info: figures/mpu_orientation.pdf  used on input line 37.
(luatex.def)             Requested size: 312.40906pt x 144.79037pt.
 [36<./figures/INS.jpg><./figures/mpu9250.jpg><./figures/mpu_orientation.pdf>] [37]
Underfull \vbox (badness 3312) has occurred while \output is active []

 [38] (c:/texlive/2021/texmf-dist/tex/latex/listings/lstlang1.sty
File: lstlang1.sty 2020/03/24 1.8d listings language file
) [39]
Overfull \hbox (12.88013pt too wide) in paragraph at lines 170--171
[][][][][][][][][][][][][][][][][][][][][][][][][][][][][][][] 
 []

(./plots/accelerometer.pgf
Missing character: There is no  (U+2212) in font cmr10!
Missing character: There is no  (U+2212) in font cmr10!
)

LaTeX Warning: `!h' float specifier changed to `!ht'.

[40
Missing character: There is no  (U+2018) in font ec-lmr10!
Missing character: There is no  (U+2019) in font ec-lmr10!
] (./plots/gyroscope.pgf
Missing character: There is no  (U+2212) in font cmr10!
Missing character: There is no  (U+2212) in font cmr10!
Missing character: There is no  (U+2212) in font cmr10!
Missing character: There is no  (U+2212) in font cmr10!
Missing character: There is no  (U+2212) in font cmr10!
Missing character: There is no  (U+2212) in font cmr10!
Missing character: There is no  (U+2212) in font cmr10!
Missing character: There is no  (U+2212) in font cmr10!
Missing character: There is no  (U+2212) in font cmr10!
Missing character: There is no  (U+2212) in font cmr10!
)
Underfull \vbox (badness 1960) has occurred while \output is active []

 [41] (./plots/magnetometer2D.pgf
Missing character: There is no  (U+2212) in font cmr10!
Missing character: There is no  (U+2212) in font cmr10!
Missing character: There is no  (U+2212) in font cmr10!
Missing character: There is no  (U+2212) in font cmr10!
Missing character: There is no  (U+2212) in font cmr10!
Missing character: There is no  (U+2212) in font cmr10!
Missing character: There is no  (U+2212) in font cmr10!
Missing character: There is no  (U+2212) in font cmr10!
Missing character: There is no  (U+2212) in font cmr10!
Missing character: There is no  (U+2212) in font cmr10!
Missing character: There is no  (U+2212) in font cmr10!
Missing character: There is no  (U+2212) in font cmr10!
Missing character: There is no  (U+2212) in font cmr10!
Missing character: There is no  (U+2212) in font cmr10!
Missing character: There is no  (U+2212) in font cmr10!
Missing character: There is no  (U+2212) in font cmr10!
Missing character: There is no  (U+2212) in font cmr10!
Missing character: There is no  (U+2212) in font cmr10!
) (./plots/magnetometer3D.pgf
Missing character: There is no  (U+2212) in font cmr10!
Missing character: There is no  (U+2212) in font cmr10!
Missing character: There is no  (U+2212) in font cmr10!
Missing character: There is no  (U+2212) in font cmr10!
Missing character: There is no  (U+2212) in font cmr10!
Missing character: There is no  (U+2212) in font cmr10!
Missing character: There is no  (U+2212) in font cmr10!
Missing character: There is no  (U+2212) in font cmr10!
Missing character: There is no  (U+2212) in font cmr10!
Missing character: There is no  (U+2212) in font cmr10!
Missing character: There is no  (U+2212) in font cmr10!
Missing character: There is no  (U+2212) in font cmr10!
Missing character: There is no  (U+2212) in font cmr10!
Missing character: There is no  (U+2212) in font cmr10!
Missing character: There is no  (U+2212) in font cmr10!
Missing character: There is no  (U+2212) in font cmr10!
Missing character: There is no  (U+2212) in font cmr10!
Missing character: There is no  (U+2212) in font cmr10!
Missing character: There is no  (U+2212) in font cmr10!
Missing character: There is no  (U+2212) in font cmr10!
)

LaTeX Warning: `!h' float specifier changed to `!ht'.

[42] [43]
Missing character: There is no  (U+2013) in font cmr10!
 [44] (./plots/calibrated_magnetometer2D.pgf
Missing character: There is no  (U+2212) in font cmr10!
Missing character: There is no  (U+2212) in font cmr10!
Missing character: There is no  (U+2212) in font cmr10!
Missing character: There is no  (U+2212) in font cmr10!
Missing character: There is no  (U+2212) in font cmr10!
Missing character: There is no  (U+2212) in font cmr10!
Missing character: There is no  (U+2212) in font cmr10!
Missing character: There is no  (U+2212) in font cmr10!
Missing character: There is no  (U+2212) in font cmr10!
Missing character: There is no  (U+2212) in font cmr10!
Missing character: There is no  (U+2212) in font cmr10!
Missing character: There is no  (U+2212) in font cmr10!
Missing character: There is no  (U+2212) in font cmr10!
Missing character: There is no  (U+2212) in font cmr10!
Missing character: There is no  (U+2212) in font cmr10!
Missing character: There is no  (U+2212) in font cmr10!
Missing character: There is no  (U+2212) in font cmr10!
Missing character: There is no  (U+2212) in font cmr10!
) (./plots/calibrated_magnetometer3D.pgf
Missing character: There is no  (U+2212) in font cmr10!
Missing character: There is no  (U+2212) in font cmr10!
Missing character: There is no  (U+2212) in font cmr10!
Missing character: There is no  (U+2212) in font cmr10!
Missing character: There is no  (U+2212) in font cmr10!
Missing character: There is no  (U+2212) in font cmr10!
Missing character: There is no  (U+2212) in font cmr10!
Missing character: There is no  (U+2212) in font cmr10!
Missing character: There is no  (U+2212) in font cmr10!
Missing character: There is no  (U+2212) in font cmr10!
Missing character: There is no  (U+2212) in font cmr10!
Missing character: There is no  (U+2212) in font cmr10!
Missing character: There is no  (U+2212) in font cmr10!
Missing character: There is no  (U+2212) in font cmr10!
Missing character: There is no  (U+2212) in font cmr10!
Missing character: There is no  (U+2212) in font cmr10!
Missing character: There is no  (U+2212) in font cmr10!
Missing character: There is no  (U+2212) in font cmr10!
) [45]
<figures/indoor.jpg, id=958, 3276.24pt x 2457.18pt>
File: figures/indoor.jpg Graphic file (type jpg)
<use figures/indoor.jpg>
Package luatex.def Info: figures/indoor.jpg  used on input line 324.
(luatex.def)             Requested size: 242.98541pt x 182.2184pt.
 [46
Missing character: There is no  (U+2013) in font ec-lmr10!
<./figures/indoor.jpg>]
<figures/indoor_1.jpg, id=963, 1842.885pt x 2457.18pt>
File: figures/indoor_1.jpg Graphic file (type jpg)
<use figures/indoor_1.jpg>
Package luatex.def Info: figures/indoor_1.jpg  used on input line 342.
(luatex.def)             Requested size: 170.09244pt x 226.76068pt.
<figures/indoor_2.jpg, id=964, 1842.885pt x 2457.18pt>
File: figures/indoor_2.jpg Graphic file (type jpg)
<use figures/indoor_2.jpg>
Package luatex.def Info: figures/indoor_2.jpg  used on input line 346.
(luatex.def)             Requested size: 170.09244pt x 226.76068pt.
 [47<./figures/indoor_1.jpg><./figures/indoor_2.jpg>]
<figures/outdoor_field.jpg, id=971, 1445.4pt x 813.0375pt>
File: figures/outdoor_field.jpg Graphic file (type jpg)
<use figures/outdoor_field.jpg>
Package luatex.def Info: figures/outdoor_field.jpg  used on input line 374.
(luatex.def)             Requested size: 242.98541pt x 136.67621pt.
<figures/squares.pdf, id=972, 211.75108pt x 227.89139pt>
File: figures/squares.pdf Graphic file (type pdf)
<use figures/squares.pdf>
Package luatex.def Info: figures/squares.pdf  used on input line 383.
(luatex.def)             Requested size: 138.84729pt x 149.42816pt.
<figures/spiral.pdf, id=973, 211.75108pt x 227.89139pt>
File: figures/spiral.pdf Graphic file (type pdf)
<use figures/spiral.pdf>
Package luatex.def Info: figures/spiral.pdf  used on input line 389.
(luatex.def)             Requested size: 138.84729pt x 149.42816pt.

Underfull \vbox (badness 10000) has occurred while \output is active []

 [48
Missing character: There is no  (U+2019) in font ec-lmr10!
Missing character: There is no  (U+2019) in font ec-lmr10!
<./figures/outdoor_field.jpg><./figures/squares.pdf><./figures/spiral.pdf>]
<figures/outdoor_1.jpg, id=992, 4047.12pt x 3035.34pt>
File: figures/outdoor_1.jpg Graphic file (type jpg)
<use figures/outdoor_1.jpg>
Package luatex.def Info: figures/outdoor_1.jpg  used on input line 409.
(luatex.def)             Requested size: 242.98541pt x 182.20517pt.
<figures/outdoor_2.jpg, id=993, 3035.34pt x 4047.12pt>
File: figures/outdoor_2.jpg Graphic file (type jpg)
<use figures/outdoor_2.jpg>
Package luatex.def Info: figures/outdoor_2.jpg  used on input line 416.
(luatex.def)             Requested size: 138.84729pt x 185.07674pt.
<figures/outdoor_3.jpg, id=994, 3035.34pt x 4047.12pt>
File: figures/outdoor_3.jpg Graphic file (type jpg)
<use figures/outdoor_3.jpg>
Package luatex.def Info: figures/outdoor_3.jpg  used on input line 422.
(luatex.def)             Requested size: 138.84729pt x 185.07674pt.
 [49<./figures/outdoor_1.jpg><./figures/outdoor_2.jpg><./figures/outdoor_3.jpg>]
<figures/underwater.jpg, id=1000, 4047.12pt x 3035.34pt>
File: figures/underwater.jpg Graphic file (type jpg)
<use figures/underwater.jpg>
Package luatex.def Info: figures/underwater.jpg  used on input line 438.
(luatex.def)             Requested size: 138.84729pt x 104.11723pt.
<figures/underwater_1.jpg, id=1001, 4047.12pt x 3035.34pt>
File: figures/underwater_1.jpg Graphic file (type jpg)
<use figures/underwater_1.jpg>
Package luatex.def Info: figures/underwater_1.jpg  used on input line 444.
(luatex.def)             Requested size: 138.84729pt x 104.11723pt.
<figures/underwater_2.jpg, id=1002, 3107.61pt x 3107.61pt>
File: figures/underwater_2.jpg Graphic file (type jpg)
<use figures/underwater_2.jpg>
Package luatex.def Info: figures/underwater_2.jpg  used on input line 456.
(luatex.def)             Requested size: 104.1381pt x 104.13048pt.
<figures/underwater_3.jpg, id=1003, 795.97375pt x 795.97375pt>
File: figures/underwater_3.jpg Graphic file (type jpg)
<use figures/underwater_3.jpg>
Package luatex.def Info: figures/underwater_3.jpg  used on input line 462.
(luatex.def)             Requested size: 104.1381pt x 104.13608pt.
<figures/underwater_4.jpg, id=1004, 795.97375pt x 795.97375pt>
File: figures/underwater_4.jpg Graphic file (type jpg)
<use figures/underwater_4.jpg>
Package luatex.def Info: figures/underwater_4.jpg  used on input line 468.
(luatex.def)             Requested size: 104.1381pt x 104.13608pt.
) [50<./figures/underwater.jpg><./figures/underwater_1.jpg><./figures/underwater_2.jpg><./figures/underwater_3.jpg><./figures/underwater_4.jpg>] (./chapters/5_methodology.tex (./plots/raw.pgf
Missing character: There is no  (U+2212) in font cmr10!
Missing character: There is no  (U+2212) in font cmr10!
Missing character: There is no  (U+2212) in font cmr10!
Missing character: There is no  (U+2212) in font cmr10!
Missing character: There is no  (U+2212) in font cmr10!
Missing character: There is no  (U+2212) in font cmr10!
)

LaTeX Warning: `!h' float specifier changed to `!ht'.

(./plots/quaternion.pgf
Missing character: There is no  (U+2212) in font cmr10!
Missing character: There is no  (U+2212) in font cmr10!
Missing character: There is no  (U+2212) in font cmr10!
Missing character: There is no  (U+2212) in font cmr10!
Missing character: There is no  (U+2212) in font cmr10!
Missing character: There is no  (U+2212) in font cmr10!
Missing character: There is no  (U+2212) in font cmr10!
Missing character: There is no  (U+2212) in font cmr10!
)

LaTeX Warning: `!h' float specifier changed to `!ht'.


LaTeX Warning: Reference `fig:madgwickAHRS' on page 51 undefined on input line 30.

(./plots/euler.pgf
Missing character: There is no  (U+2212) in font cmr10!
Missing character: There is no  (U+2212) in font cmr10!
Missing character: There is no  (U+2212) in font cmr10!
Missing character: There is no  (U+2212) in font cmr10!
Missing character: There is no  (U+2212) in font cmr10!
Missing character: There is no  (U+2212) in font cmr10!
) [51] [52]

LaTeX Warning: Reference `fig:compensation' on page 53 undefined on input line 61.

[53] [54] (./plots/gravity.pgf
Missing character: There is no  (U+2212) in font cmr10!
Missing character: There is no  (U+2212) in font cmr10!
Missing character: There is no  (U+2212) in font cmr10!
Missing character: There is no  (U+2212) in font cmr10!
Missing character: There is no  (U+2212) in font cmr10!
Missing character: There is no  (U+2212) in font cmr10!
)
<figures/orientation_position.pdf, id=1038, 458.67358pt x 126.4725pt>
File: figures/orientation_position.pdf Graphic file (type pdf)
<use figures/orientation_position.pdf>
Package luatex.def Info: figures/orientation_position.pdf  used on input line 73.
(luatex.def)             Requested size: 312.40906pt x 86.14488pt.


LaTeX Warning: `!h' float specifier changed to `!ht'.

(./plots/integration.pgf)

LaTeX Warning: `!h' float specifier changed to `!ht'.


LaTeX Warning: Reference `fig:1dimension' on page 55 undefined on input line 87.

[55] [56<./figures/orientation_position.pdf>] (./plots/square.pgf) (./plots/triangle.pgf
Missing character: There is no  (U+2212) in font cmr10!
Missing character: There is no  (U+2212) in font cmr10!
Missing character: There is no  (U+2212) in font cmr10!
Missing character: There is no  (U+2212) in font cmr10!
)

LaTeX Warning: Reference `fig:2dimension' on page 57 undefined on input line 103.


LaTeX Warning: Reference `fig:3dimensions' on page 57 undefined on input line 105.

[57] [58] (./plots/triangle3D.pgf
Missing character: There is no  (U+2212) in font cmr10!
Missing character: There is no  (U+2212) in font cmr10!
Missing character: There is no  (U+2212) in font cmr10!
Missing character: There is no  (U+2212) in font cmr10!
Missing character: There is no  (U+2212) in font cmr10!
Missing character: There is no  (U+2212) in font cmr10!
Missing character: There is no  (U+2212) in font cmr10!
Missing character: There is no  (U+2212) in font cmr10!
Missing character: There is no  (U+2212) in font cmr10!
Missing character: There is no  (U+2212) in font cmr10!
) (./plots/square3D.pgf
Missing character: There is no  (U+2212) in font cmr10!
Missing character: There is no  (U+2212) in font cmr10!
Missing character: There is no  (U+2212) in font cmr10!
Missing character: There is no  (U+2212) in font cmr10!
Missing character: There is no  (U+2212) in font cmr10!
Missing character: There is no  (U+2212) in font cmr10!
)) [59] [60] (./chapters/6_discussion.tex) [61] (./chapters/7_results.tex) [62]
No file thesis.bbl.
(./thesis.aux)

LaTeX Warning: There were undefined references.


LaTeX Warning: There were multiply-defined labels.

Package rerunfilecheck Info: File `thesis.out' has not changed.
(rerunfilecheck)             Checksum: 85DF5FDD6B53809178356387F960BF2F;9745.
)

Here is how much of LuaTeX's memory you used:
 48471 strings out of 478112
 932015,4921788 words of node,token memory allocated
 1460 words of node memory still in use:
   7 hlist, 2 vlist, 2 rule, 5 glue, 4 kern, 1 sub_mlist, 1 glyph, 216 attribute, 82 glue_spec, 110 attribute_list, 2 write, 27 pdf_action nodes
   avail lists: 1:9,2:167335,3:114871,4:284,5:893,6:62,7:7748,8:65,9:2650,10:22,11:810
 66543 multiletter control sequences out of 65536+600000
 68 fonts using 4537767 bytes
 115i,13n,131p,2641b,1048s stack positions out of 5000i,500n,10000p,200000b,80000s
{c:/texlive/2021/texmf-dist/fonts/enc/dvips/lm/lm-ec.enc}{c:/texlive/2021/texmf-dist/fonts/enc/dvips/lm/lm-ts1.enc}<c:/texlive/2021/texmf-dist/fonts/type1/public/amsfonts/cm/cmbx7.pfb><c:/texlive/2021/texmf-dist/fonts/type1/public/amsfonts/cm/cmex10.pfb><c:/texlive/2021/texmf-dist/fonts/type1/public/amsfonts/cm/cmmi10.pfb><c:/texlive/2021/texmf-dist/fonts/type1/public/amsfonts/cm/cmmi7.pfb><c:/texlive/2021/texmf-dist/fonts/type1/public/amsfonts/cm/cmmib10.pfb><c:/texlive/2021/texmf-dist/fonts/type1/public/amsfonts/cm/cmr10.pfb><c:/texlive/2021/texmf-dist/fonts/type1/public/amsfonts/cm/cmr7.pfb><c:/texlive/2021/texmf-dist/fonts/type1/public/amsfonts/cm/cmsy10.pfb><c:/texlive/2021/texmf-dist/fonts/type1/public/amsfonts/cm/cmsy7.pfb><c:/texlive/2021/texmf-dist/fonts/type1/public/lm/lmbx10.pfb><c:/texlive/2021/texmf-dist/fonts/type1/public/lm/lmbx12.pfb><c:/texlive/2021/texmf-dist/fonts/type1/public/lm/lmcsc10.pfb><c:/texlive/2021/texmf-dist/fonts/type1/public/lm/lmcsco10.pfb><c:/texlive/2021/texmf-dist/fonts/type1/public/lm/lmr10.pfb><c:/texlive/2021/texmf-dist/fonts/type1/public/lm/lmr12.pfb><c:/texlive/2021/texmf-dist/fonts/type1/public/lm/lmr7.pfb><c:/texlive/2021/texmf-dist/fonts/type1/public/lm/lmr9.pfb><c:/texlive/2021/texmf-dist/fonts/type1/public/lm/lmri10.pfb><c:/texlive/2021/texmf-dist/fonts/type1/public/lm/lmri12.pfb>
Output written on thesis.pdf (73 pages, 41422392 bytes).

PDF statistics: 1154 PDF objects out of 1200 (max. 8388607)
 1007 compressed objects within 11 object streams
 272 named destinations out of 1000 (max. 131072)
 464 words of extra memory for PDF output out of 10000 (max. 100000000)

