\BOOKMARK [0][-]{chapter*.5}{\376\377\000L\000i\000s\000t\000\040\000o\000f\000\040\000F\000i\000g\000u\000r\000e\000s}{}% 1
\BOOKMARK [0][-]{chapter*.6}{\376\377\000L\000i\000s\000t\000\040\000o\000f\000\040\000T\000a\000b\000l\000e\000s}{}% 2
\BOOKMARK [1][-]{section.0.1}{\376\377\000I\000n\000t\000r\000o\000d\000u\000c\000t\000i\000o\000n}{chapter*.6}% 3
\BOOKMARK [2][-]{subsection.0.1.1}{\376\377\000P\000r\000o\000b\000l\000e\000m\000\040\000S\000t\000a\000t\000e\000m\000e\000n\000t}{section.0.1}% 4
\BOOKMARK [3][-]{subsubsection.0.1.1.1}{\376\377\000A\000.\000\040\000G\000N\000S\000S\000\040\000o\000n\000l\000y\000\040\000p\000o\000s\000i\000t\000i\000o\000n\000i\000n\000g\000\040\000i\000s\000\040\000p\000r\000o\000n\000e\000\040\000t\000o\000\040\000s\000i\000g\000n\000a\000l\000\040\000j\000a\000m\000m\000i\000n\000g\000\040\000a\000n\000d\000\040\000i\000m\000p\000a\000c\000t\000s\000\040\000b\000a\000t\000t\000e\000r\000y\000\040\000a\000u\000t\000o\000n\000o\000m\000y}{subsection.0.1.1}% 5
\BOOKMARK [3][-]{subsubsection.0.1.1.2}{\376\377\000B\000.\000\040\000D\000e\000a\000d\000\040\000r\000e\000c\000k\000o\000n\000i\000n\000g\000\040\000i\000s\000\040\000s\000u\000s\000c\000e\000p\000t\000i\000b\000l\000e\000\040\000t\000o\000\040\000c\000u\000m\000u\000l\000a\000t\000i\000v\000e\000\040\000e\000r\000r\000o\000r\000s\000\040\000a\000n\000d\000\040\000s\000u\000f\000f\000e\000r\000s\000\040\000f\000r\000o\000m\000\040\000g\000i\000m\000b\000a\000l\000\040\000l\000o\000c\000k}{subsection.0.1.1}% 6
\BOOKMARK [3][-]{subsubsection.0.1.1.3}{\376\377\000C\000.\000\040\000G\000r\000a\000v\000i\000t\000y\000\040\000a\000c\000c\000e\000l\000e\000r\000a\000t\000i\000o\000n\000\040\000g\000r\000e\000a\000t\000l\000y\000\040\000i\000m\000p\000a\000c\000t\000s\000\040\000s\000e\000n\000s\000o\000r\000\040\000r\000e\000a\000d\000i\000n\000g\000s}{subsection.0.1.1}% 7
\BOOKMARK [2][-]{subsection.0.1.2}{\376\377\000R\000e\000s\000e\000a\000r\000c\000h\000\040\000Q\000u\000e\000s\000t\000i\000o\000n\000s}{section.0.1}% 8
\BOOKMARK [1][-]{section.0.2}{\376\377\000B\000a\000c\000k\000g\000r\000o\000u\000n\000d}{chapter*.6}% 9
\BOOKMARK [2][-]{subsection.0.2.1}{\376\377\000F\000r\000a\000m\000e\000s\000\040\000o\000f\000\040\000c\000o\000o\000r\000d\000i\000n\000a\000t\000e\000s}{section.0.2}% 10
\BOOKMARK [3][-]{subsubsection.0.2.1.1}{\376\377\000E\000C\000E\000F\000\040\000a\000n\000d\000\040\000E\000N\000U\000\040\000f\000r\000a\000m\000e}{subsection.0.2.1}% 11
\BOOKMARK [3][-]{subsubsection.0.2.1.2}{\376\377\000B\000o\000d\000y\000\040\000f\000r\000a\000m\000e}{subsection.0.2.1}% 12
\BOOKMARK [2][-]{subsection.0.2.2}{\376\377\000O\000r\000i\000e\000n\000t\000a\000t\000i\000o\000n}{section.0.2}% 13
\BOOKMARK [3][-]{subsubsection.0.2.2.1}{\376\377\000R\000o\000t\000a\000t\000i\000o\000n\000\040\000M\000a\000t\000r\000i\000x}{subsection.0.2.2}% 14
\BOOKMARK [3][-]{subsubsection.0.2.2.2}{\376\377\000D\000i\000r\000e\000c\000t\000\040\000C\000o\000s\000i\000n\000e\000\040\000M\000a\000t\000r\000i\000x}{subsection.0.2.2}% 15
\BOOKMARK [3][-]{subsubsection.0.2.2.3}{\376\377\000E\000u\000l\000e\000r\000\040\000a\000n\000g\000l\000e\000s}{subsection.0.2.2}% 16
\BOOKMARK [3][-]{subsubsection.0.2.2.4}{\376\377\000Q\000u\000a\000t\000e\000r\000n\000i\000o\000n\000s}{subsection.0.2.2}% 17
\BOOKMARK [2][-]{subsection.0.2.3}{\376\377\000I\000n\000e\000r\000t\000i\000a\000l\000\040\000M\000e\000a\000s\000u\000r\000e\000m\000e\000n\000t\000\040\000U\000n\000i\000t\000s}{section.0.2}% 18
\BOOKMARK [3][-]{subsubsection.0.2.3.1}{\376\377\000A\000c\000c\000e\000l\000e\000r\000o\000m\000e\000t\000e\000r}{subsection.0.2.3}% 19
\BOOKMARK [3][-]{subsubsection.0.2.3.2}{\376\377\000G\000y\000r\000o\000s\000c\000o\000p\000e}{subsection.0.2.3}% 20
\BOOKMARK [3][-]{subsubsection.0.2.3.3}{\376\377\000M\000a\000g\000n\000e\000t\000o\000m\000e\000t\000e\000r}{subsection.0.2.3}% 21
\BOOKMARK [2][-]{subsection.0.2.4}{\376\377\000S\000e\000n\000s\000o\000r\000\040\000F\000u\000s\000i\000o\000n}{section.0.2}% 22
\BOOKMARK [3][-]{subsubsection.0.2.4.1}{\376\377\000K\000a\000l\000m\000a\000n\000\040\000F\000i\000l\000t\000e\000r}{subsection.0.2.4}% 23
\BOOKMARK [3][-]{subsubsection.0.2.4.2}{\376\377\000C\000o\000m\000p\000l\000e\000m\000e\000n\000t\000a\000r\000y\000\040\000F\000i\000l\000t\000e\000r}{subsection.0.2.4}% 24
\BOOKMARK [3][-]{subsubsection.0.2.4.3}{\376\377\000O\000p\000t\000i\000m\000i\000z\000a\000t\000i\000o\000n\000\040\000F\000i\000l\000t\000e\000r\000s}{subsection.0.2.4}% 25
\BOOKMARK [1][-]{section.0.3}{\376\377\000R\000e\000l\000a\000t\000e\000d\000\040\000W\000o\000r\000k}{chapter*.6}% 26
\BOOKMARK [2][-]{subsection.0.3.1}{\376\377\000P\000o\000s\000i\000t\000i\000o\000n\000\040\000e\000s\000t\000i\000m\000a\000t\000i\000o\000n\000\040\000u\000s\000i\000n\000g\000\040\000i\000n\000e\000r\000t\000i\000a\000l\000\040\000s\000e\000n\000s\000o\000r\000\040\000s\000y\000s\000t\000e\000m\000s}{section.0.3}% 27
\BOOKMARK [3][-]{subsubsection.0.3.1.1}{\376\377\000P\000e\000d\000e\000s\000t\000r\000i\000a\000n\000\040\000D\000e\000a\000d\000\040\000R\000e\000c\000k\000o\000n\000i\000n\000g}{subsection.0.3.1}% 28
\BOOKMARK [3][-]{subsubsection.0.3.1.2}{\376\377\000S\000t\000r\000a\000p\000d\000o\000w\000n\000\040\000I\000n\000e\000r\000t\000i\000a\000l\000\040\000I\000n\000t\000e\000g\000r\000a\000t\000i\000o\000n}{subsection.0.3.1}% 29
\BOOKMARK [2][-]{subsection.0.3.2}{\376\377\000S\000e\000n\000s\000o\000r\000\040\000f\000u\000s\000i\000o\000n\000\040\000i\000n\000\040\000p\000o\000s\000i\000t\000i\000o\000n\000\040\000a\000n\000d\000\040\000o\000r\000i\000e\000n\000t\000a\000t\000i\000o\000n\000\040\000e\000s\000t\000i\000m\000a\000t\000i\000o\000n\000\040}{section.0.3}% 30
\BOOKMARK [3][-]{subsubsection.0.3.2.1}{\376\377\000K\000a\000l\000m\000a\000n\000\040\000f\000i\000l\000t\000e\000r}{subsection.0.3.2}% 31
\BOOKMARK [3][-]{subsubsection.0.3.2.2}{\376\377\000C\000o\000m\000p\000l\000e\000m\000e\000n\000t\000a\000r\000y\000\040\000f\000i\000l\000t\000e\000r}{subsection.0.3.2}% 32
\BOOKMARK [3][-]{subsubsection.0.3.2.3}{\376\377\000S\000e\000n\000s\000o\000r\000\040\000f\000u\000s\000i\000o\000n\000\040\000a\000l\000g\000o\000r\000i\000t\000h\000m\000s\000\040\000c\000o\000m\000p\000a\000r\000i\000s\000o\000n}{subsection.0.3.2}% 33
\BOOKMARK [2][-]{subsection.0.3.3}{\376\377\000T\000h\000e\000s\000i\000s\000\040\000C\000o\000n\000t\000r\000i\000b\000u\000t\000i\000o\000n}{section.0.3}% 34
\BOOKMARK [1][-]{section.0.4}{\376\377\000E\000x\000p\000e\000r\000i\000m\000e\000n\000t\000a\000l\000\040\000S\000e\000t\000u\000p}{chapter*.6}% 35
\BOOKMARK [2][-]{subsection.0.4.1}{\376\377\000H\000a\000r\000d\000w\000a\000r\000e}{section.0.4}% 36
\BOOKMARK [3][-]{subsubsection.0.4.1.1}{\376\377\000A\000c\000c\000e\000l\000e\000r\000o\000m\000e\000t\000e\000r}{subsection.0.4.1}% 37
\BOOKMARK [3][-]{subsubsection.0.4.1.2}{\376\377\000G\000y\000r\000o\000s\000c\000o\000p\000e}{subsection.0.4.1}% 38
\BOOKMARK [3][-]{subsubsection.0.4.1.3}{\376\377\000M\000a\000g\000n\000e\000t\000o\000m\000e\000t\000e\000r}{subsection.0.4.1}% 39
\BOOKMARK [2][-]{subsection.0.4.2}{\376\377\000S\000o\000f\000t\000w\000a\000r\000e}{section.0.4}% 40
\BOOKMARK [2][-]{subsection.0.4.3}{\376\377\000C\000a\000l\000i\000b\000r\000a\000t\000i\000o\000n}{section.0.4}% 41
\BOOKMARK [3][-]{subsubsection.0.4.3.1}{\376\377\000A\000c\000c\000e\000l\000e\000r\000o\000m\000e\000t\000e\000r\000\040\000C\000a\000l\000i\000b\000r\000a\000t\000i\000o\000n}{subsection.0.4.3}% 42
\BOOKMARK [3][-]{subsubsection.0.4.3.2}{\376\377\000G\000y\000r\000o\000s\000c\000o\000p\000e\000\040\000C\000a\000l\000i\000b\000r\000a\000t\000i\000o\000n}{subsection.0.4.3}% 43
\BOOKMARK [3][-]{subsubsection.0.4.3.3}{\376\377\000M\000a\000g\000n\000e\000t\000o\000m\000e\000t\000e\000r\000\040\000C\000a\000l\000i\000b\000r\000a\000t\000i\000o\000n}{subsection.0.4.3}% 44
\BOOKMARK [2][-]{subsection.0.4.4}{\376\377\000E\000x\000p\000e\000r\000i\000m\000e\000n\000t\000s}{section.0.4}% 45
\BOOKMARK [2][-]{subsection.0.4.5}{\376\377\000I\000n\000d\000o\000o\000r\000\040\000E\000x\000p\000e\000r\000i\000m\000e\000n\000t\000s}{section.0.4}% 46
\BOOKMARK [2][-]{subsection.0.4.6}{\376\377\000O\000u\000t\000d\000o\000o\000r\000\040\000E\000x\000p\000e\000r\000i\000m\000e\000n\000t\000s}{section.0.4}% 47
\BOOKMARK [2][-]{subsection.0.4.7}{\376\377\000U\000n\000d\000e\000r\000w\000a\000t\000e\000r\000\040\000E\000x\000p\000e\000r\000i\000m\000e\000n\000t\000s}{section.0.4}% 48
\BOOKMARK [1][-]{section.0.5}{\376\377\000M\000e\000t\000h\000o\000d\000o\000l\000o\000g\000y}{chapter*.6}% 49
\BOOKMARK [2][-]{subsubsection.0.5.0.1}{\376\377\000E\000s\000t\000i\000m\000a\000t\000i\000n\000g\000\040\000O\000r\000i\000e\000n\000t\000a\000t\000i\000o\000n}{section.0.5}% 50
\BOOKMARK [3][-]{subsubsection.0.5.0.2}{\376\377\000E\000s\000t\000i\000m\000a\000t\000i\000n\000g\000\040\000D\000i\000s\000p\000l\000a\000c\000e\000m\000e\000n\000t}{subsubsection.0.5.0.1}% 51
\BOOKMARK [3][-]{subsubsection.0.5.0.3}{\376\377\000E\000s\000t\000i\000m\000a\000t\000i\000n\000g\000\040\000P\000o\000s\000i\000t\000i\000o\000n}{subsubsection.0.5.0.1}% 52
\BOOKMARK [3][-]{subsubsection.0.5.0.4}{\376\377\000A\000p\000p\000l\000y\000i\000n\000g\000\040\000m\000e\000t\000h\000o\000d\000o\000l\000o\000g\000y\000\040\000i\000n\000\040\0002\000D}{subsubsection.0.5.0.1}% 53
\BOOKMARK [4][-]{paragraph.0.5.0.4.1}{\376\377\000M\000e\000a\000s\000u\000r\000i\000n\000g\000\040\000e\000r\000r\000o\000r}{subsubsection.0.5.0.4}% 54
\BOOKMARK [3][-]{subsubsection.0.5.0.5}{\376\377\000A\000p\000p\000l\000y\000i\000n\000g\000\040\000m\000e\000t\000h\000o\000d\000o\000l\000o\000g\000y\000\040\000i\000n\000\040\0003\000D}{subsubsection.0.5.0.1}% 55
\BOOKMARK [4][-]{paragraph.0.5.0.5.1}{\376\377\000M\000e\000a\000s\000u\000r\000i\000n\000g\000\040\000e\000r\000r\000o\000r}{subsubsection.0.5.0.5}% 56
\BOOKMARK [1][-]{section.0.6}{\376\377\000R\000e\000s\000u\000l\000t\000s}{chapter*.6}% 57
\BOOKMARK [2][-]{subsection.0.6.1}{\376\377\000L\000i\000n\000e}{section.0.6}% 58
\BOOKMARK [3][-]{subsubsection.0.6.1.1}{\376\377\0004\000\040\000m\000e\000t\000e\000r}{subsection.0.6.1}% 59
\BOOKMARK [3][-]{subsubsection.0.6.1.2}{\376\377\0001\0006\000\040\000m\000e\000t\000e\000r}{subsection.0.6.1}% 60
\BOOKMARK [3][-]{subsubsection.0.6.1.3}{\376\377\0002\0008\000\040\000m\000e\000t\000e\000r}{subsection.0.6.1}% 61
\BOOKMARK [2][-]{subsection.0.6.2}{\376\377\000T\000r\000i\000a\000n\000g\000l\000e}{section.0.6}% 62
\BOOKMARK [3][-]{subsubsection.0.6.2.1}{\376\377\0004\000\040\000m\000e\000t\000e\000r}{subsection.0.6.2}% 63
\BOOKMARK [3][-]{subsubsection.0.6.2.2}{\376\377\0001\0006\000\040\000m\000e\000t\000e\000r}{subsection.0.6.2}% 64
\BOOKMARK [3][-]{subsubsection.0.6.2.3}{\376\377\0002\0008\000\040\000m\000e\000t\000e\000r}{subsection.0.6.2}% 65
\BOOKMARK [2][-]{subsection.0.6.3}{\376\377\000S\000q\000u\000a\000r\000e}{section.0.6}% 66
\BOOKMARK [3][-]{subsubsection.0.6.3.1}{\376\377\0004\000\040\000m\000e\000t\000e\000r}{subsection.0.6.3}% 67
\BOOKMARK [3][-]{subsubsection.0.6.3.2}{\376\377\0001\0006\000\040\000m\000e\000t\000e\000r}{subsection.0.6.3}% 68
\BOOKMARK [3][-]{subsubsection.0.6.3.3}{\376\377\0002\0008\000\040\000m\000e\000t\000e\000r}{subsection.0.6.3}% 69
\BOOKMARK [2][-]{subsection.0.6.4}{\376\377\000S\000p\000i\000r\000a\000l}{section.0.6}% 70
\BOOKMARK [2][-]{subsection.0.6.5}{\376\377\000S\000q\000u\000a\000r\000e\000s}{section.0.6}% 71
\BOOKMARK [1][-]{section.0.7}{\376\377\000D\000i\000s\000c\000u\000s\000s\000i\000o\000n}{chapter*.6}% 72
\BOOKMARK [1][-]{section.0.8}{\376\377\000C\000o\000n\000c\000l\000u\000s\000i\000o\000n}{chapter*.6}% 73
\BOOKMARK [0][-]{chapter*.81}{\376\377\000R\000e\000f\000e\000r\000e\000n\000c\000e\000s}{}% 74
